load_file /home/users/EE735_2019/EE735_6/dimple/assign5b/q1/a/0.0V_neg_dd_des.tdr
create_plot -dataset 0.0V_neg_dd_des
select_plots {Plot_0.0V_neg_dd_des}
#-> Plot_0.0V_neg_dd_des
#-> Plot_0.0V_neg_dd_des
#-> 0.0V_neg_dd_des
create_cutline -plot Plot_0.0V_neg_dd_des -type y -at 0.468698
select_plots {Plot_1}
#-> Plot_1
#-> C1(0.0V_neg_dd_des)
remove_curves {Curve_1} -plot Plot_1
#-> Curve_1
create_curve -plot Plot_1 -dataset {C1(0.0V_neg_dd_des)} -axisX "X" -axisY "ConductionBandEnergy"
#-> Curve_1
create_curve -plot Plot_1 -dataset {C1(0.0V_neg_dd_des)} -axisX "X" -axisY "ValenceBandEnergy"
#-> Curve_2
zoom_plot -plot Plot_1 -reset
load_file /home/users/EE735_2019/EE735_6/dimple/assign5b/q1/b/0.0V_neg_dd_des.tdr
create_plot -dataset 0.0V_neg_dd_des_2
select_plots {Plot_0.0V_neg_dd_des_2}
#-> Plot_0.0V_neg_dd_des_2
#-> Plot_0.0V_neg_dd_des_2
#-> 0.0V_neg_dd_des_2
create_cutline -plot Plot_0.0V_neg_dd_des_2 -type y -at 0.454581
#-> C2(0.0V_neg_dd_des_2)
select_plots {Plot_1}
#-> Plot_1
create_curve -plot Plot_1 -dataset {C2(0.0V_neg_dd_des_2)} -axisX "X" -axisY "ConductionBandEnergy"
#-> Curve_4
create_curve -plot Plot_1 -dataset {C2(0.0V_neg_dd_des_2)} -axisX "X" -axisY "ValenceBandEnergy"
#-> Curve_5
remove_curves {Curve_3} -plot Plot_1
#-> Curve_3
zoom_plot -plot Plot_1 -reset
select_plots {Plot_0.0V_neg_dd_des}
#-> Plot_0.0V_neg_dd_des
select_plots {Plot_1}
#-> Plot_1
set_band_diagram {Plot_1}
#-> 0
remove_curves {Ec_2 Ev_2 Efn_2 Efp_2} -plot Plot_1
#-> Ec_2 Ev_2 Efn_2 Efp_2
zoom_plot -plot Plot_1 -reset
create_curve -plot Plot_1 -dataset {C2(0.0V_neg_dd_des_2)} -axisX "X" -axisY "ConductionBandEnergy"
#-> Curve_1
create_curve -plot Plot_1 -dataset {C2(0.0V_neg_dd_des_2)} -axisX "X" -axisY "ValenceBandEnergy"
#-> Curve_2
remove_curves {Ec Ev Efn Efp} -plot Plot_1
#-> Ec Ev Efn Efp
set_band_diagram {Plot_1}
#-> 0
remove_curves {Ec Ev Efn Efp} -plot Plot_1
#-> Ec Ev Efn Efp
zoom_plot -plot Plot_1 -reset
zoom_plot -plot Plot_1 -reset
load_file /home/users/EE735_2019/EE735_6/dimple/assign5b/q1/c/0.0V_neg_dd_des.tdr
create_plot -dataset 0.0V_neg_dd_des_3
select_plots {Plot_0.0V_neg_dd_des_3}
#-> Plot_0.0V_neg_dd_des_3
#-> Plot_0.0V_neg_dd_des_3
#-> 0.0V_neg_dd_des_3
select_plots {Plot_0.0V_neg_dd_des}
#-> Plot_0.0V_neg_dd_des
select_plots {Plot_0.0V_neg_dd_des_3}
#-> Plot_0.0V_neg_dd_des_3
create_cutline -plot Plot_0.0V_neg_dd_des_3 -type y -at 0.418245
#-> C3(0.0V_neg_dd_des_3)
select_plots {Plot_1}
#-> Plot_1
set_band_diagram {Plot_1}
#-> 0
remove_curves {Ec Ev Efn Efp Ec_2 Ev_2 Efn_2 Efp_2} -plot Plot_1
#-> Ec Ev Efn Efp Ec_2 Ev_2 Efn_2 Efp_2
set_band_diagram {Plot_1}
#-> 0
select_plots {Plot_0.0V_neg_dd_des_3}
#-> Plot_0.0V_neg_dd_des_3
select_plots {Plot_1}
#-> Plot_1
remove_curves {Ec Ev Efn Efp} -plot Plot_1
#-> Ec Ev Efn Efp
remove_curves {Ec_3 Ev_3 Efn_3 Efp_3} -plot Plot_1
#-> Ec_3 Ev_3 Efn_3 Efp_3
set_band_diagram {Plot_1}
#-> 0
remove_curves {Ec_3 Ev_3 Efn_3 Efp_3} -plot Plot_1
#-> Ec_3 Ev_3 Efn_3 Efp_3
remove_curves {Ec Ev Efn Efp} -plot Plot_1
#-> Ec Ev Efn Efp
exit
