load_file /home/users/EE735_2019/EE735_6/dimple/assign7/A/1b/1e14/5_pn_final_structure_fps.tdr
create_plot -dataset 5_pn_final_structure_fps
select_plots {Plot_5_pn_final_structure_fps}
#-> Plot_5_pn_final_structure_fps
#-> Plot_5_pn_final_structure_fps
#-> 5_pn_final_structure_fps
export_view /home/users/EE735_2019/EE735_6/dimple/assign7/A/1b/1e14/dev.png -plots {Plot_5_pn_final_structure_fps} -format PNG -overwrite
#-> 0
create_cutline -plot Plot_5_pn_final_structure_fps -type x -at 0.521059
select_plots {Plot_1}
#-> Plot_1
#-> C1(5_pn_final_structure_fps)
export_view /home/users/EE735_2019/EE735_6/dimple/assign7/A/1b/1e14/1e14.png -plots {Plot_1} -format PNG -overwrite
#-> 0
load_file /home/users/EE735_2019/EE735_6/dimple/assign7/A/1b/5e14/5_pn_final_structure_fps.tdr
create_plot -dataset 5_pn_final_structure_fps_2
select_plots {Plot_5_pn_final_structure_fps_2}
#-> Plot_5_pn_final_structure_fps_2
#-> Plot_5_pn_final_structure_fps_2
#-> 5_pn_final_structure_fps_2
create_cutline -plot Plot_5_pn_final_structure_fps_2 -type x -at 0.5
#-> C2(5_pn_final_structure_fps_2)
load_file /home/users/EE735_2019/EE735_6/dimple/assign7/A/1b/1e15/5_pn_final_structure_fps.tdr
create_plot -dataset 5_pn_final_structure_fps_3
select_plots {Plot_5_pn_final_structure_fps_3}
#-> Plot_5_pn_final_structure_fps_3
#-> Plot_5_pn_final_structure_fps_3
#-> 5_pn_final_structure_fps_3
export_view /home/users/EE735_2019/EE735_6/dimple/assign7/A/1b/1e15/dev.png -plots {Plot_5_pn_final_structure_fps_3} -format PNG -overwrite
#-> 0
create_cutline -plot Plot_5_pn_final_structure_fps_3 -type x -at 0.489882
#-> C3(5_pn_final_structure_fps_3)
select_plots {Plot_1}
#-> Plot_1
zoom_plot -plot Plot_1 -reset
export_view /home/users/EE735_2019/EE735_6/dimple/assign7/A/1b/dose.png -plots {Plot_1} -format PNG
#-> 0
remove_curves {Curve_1 Curve_2} -plot Plot_1
#-> Curve_1 Curve_2
zoom_plot -plot Plot_1 -reset
export_view /home/users/EE735_2019/EE735_6/dimple/assign7/A/1b/1e15/1e15.png -plots {Plot_1} -format PNG
#-> 0
remove_plots {Plot_1}
select_plots {Plot_5_pn_final_structure_fps}
#-> Plot_5_pn_final_structure_fps
#-> Plot_1
remove_plots {Plot_5_pn_final_structure_fps}
select_plots {Plot_5_pn_final_structure_fps_2}
#-> Plot_5_pn_final_structure_fps_2
#-> Plot_5_pn_final_structure_fps
remove_plots {Plot_5_pn_final_structure_fps_2}
select_plots {Plot_5_pn_final_structure_fps_3}
#-> Plot_5_pn_final_structure_fps_3
#-> Plot_5_pn_final_structure_fps_2
remove_plots {Plot_5_pn_final_structure_fps_3}
#-> Plot_5_pn_final_structure_fps_3
load_file /home/users/EE735_2019/EE735_6/dimple/assign7/A/2a/10/5_pn_final_structure_fps.tdr
create_plot -dataset 5_pn_final_structure_fps_4
select_plots {Plot_5_pn_final_structure_fps_4}
#-> Plot_5_pn_final_structure_fps_4
#-> Plot_5_pn_final_structure_fps_4
#-> 5_pn_final_structure_fps_4
export_view /home/users/EE735_2019/EE735_6/dimple/assign7/A/2a/10/dev.png -plots {Plot_5_pn_final_structure_fps_4} -format PNG
#-> 0
create_cutline -plot Plot_5_pn_final_structure_fps_4 -type x -at 0.50167
select_plots {Plot_2}
#-> Plot_2
#-> C4(5_pn_final_structure_fps_4)
export_view /home/users/EE735_2019/EE735_6/dimple/assign7/A/2a/10/10.png -plots {Plot_2} -format PNG
#-> 0
load_file /home/users/EE735_2019/EE735_6/dimple/assign7/A/2a/20/5_pn_final_structure_fps.tdr
create_plot -dataset 5_pn_final_structure_fps_5
select_plots {Plot_5_pn_final_structure_fps_5}
#-> Plot_5_pn_final_structure_fps_5
#-> Plot_5_pn_final_structure_fps_5
#-> 5_pn_final_structure_fps_5
select_plots {Plot_2}
#-> Plot_2
export_view /home/users/EE735_2019/EE735_6/dimple/assign7/A/2a/10/10.png -plots {Plot_2} -format PNG -overwrite
#-> 0
select_plots {Plot_5_pn_final_structure_fps_5}
#-> Plot_5_pn_final_structure_fps_5
export_view /home/users/EE735_2019/EE735_6/dimple/assign7/A/2a/20/dev.png -plots {Plot_5_pn_final_structure_fps_5} -format PNG
#-> 0
create_cutline -plot Plot_5_pn_final_structure_fps_5 -type x -at 0.493255
#-> C5(5_pn_final_structure_fps_5)
load_file /home/users/EE735_2019/EE735_6/dimple/assign7/A/2a/40/5_pn_final_structure_fps.tdr
create_plot -dataset 5_pn_final_structure_fps_6
select_plots {Plot_5_pn_final_structure_fps_6}
#-> Plot_5_pn_final_structure_fps_6
#-> Plot_5_pn_final_structure_fps_6
#-> 5_pn_final_structure_fps_6
export_view /home/users/EE735_2019/EE735_6/dimple/assign7/A/2a/40/dev.png -plots {Plot_5_pn_final_structure_fps_6} -format PNG
#-> 0
create_cutline -plot Plot_5_pn_final_structure_fps_6 -type x -at 0.503373
#-> C6(5_pn_final_structure_fps_6)
zoom_plot -plot Plot_5_pn_final_structure_fps_6 -reset
select_plots {Plot_2}
#-> Plot_2
export_view /home/users/EE735_2019/EE735_6/dimple/assign7/A/2a/energy.png -plots {Plot_2} -format PNG
#-> 0
remove_curves {Curve_1 Curve_3} -plot Plot_2
#-> Curve_1 Curve_3
zoom_plot -plot Plot_2 -reset
export_view /home/users/EE735_2019/EE735_6/dimple/assign7/A/2a/20/20.png -plots {Plot_2} -format PNG
#-> 0
create_curve -plot Plot_2 -dataset {C6(5_pn_final_structure_fps_6)} -axisX "Y" -axisY "NetActive"
#-> Curve_3
remove_curves {Curve_2} -plot Plot_2
#-> Curve_2
zoom_plot -plot Plot_2 -reset
export_view /home/users/EE735_2019/EE735_6/dimple/assign7/A/2a/40/40.png -plots {Plot_2} -format PNG
#-> 0
select_plots {Plot_5_pn_final_structure_fps_5}
#-> Plot_5_pn_final_structure_fps_5
select_plots {Plot_5_pn_final_structure_fps_6}
#-> Plot_5_pn_final_structure_fps_6
select_plots {Plot_2}
#-> Plot_2
select_plots {Plot_5_pn_final_structure_fps_4 Plot_2 Plot_5_pn_final_structure_fps_5 Plot_5_pn_final_structure_fps_6}
#-> Plot_5_pn_final_structure_fps_4 Plot_2 Plot_5_pn_final_structure_fps_5 Plot_5_pn_final_structure_fps_6
remove_plots {Plot_5_pn_final_structure_fps_4 Plot_2 Plot_5_pn_final_structure_fps_5 Plot_5_pn_final_structure_fps_6}
#-> Plot_5_pn_final_structure_fps_4 Plot_2 Plot_5_pn_final_structure_fps_5 Plot_5_pn_final_structure_fps_6
load_file /home/users/EE735_2019/EE735_6/dimple/assign7/A/2b/1e14/5_pn_final_structure_fps.tdr
create_plot -dataset 5_pn_final_structure_fps_7
select_plots {Plot_5_pn_final_structure_fps_7}
#-> Plot_5_pn_final_structure_fps_7
#-> Plot_5_pn_final_structure_fps_7
#-> 5_pn_final_structure_fps_7
export_view /home/users/EE735_2019/EE735_6/dimple/assign7/A/2b/1e14/dev.png -plots {Plot_5_pn_final_structure_fps_7} -format PNG
#-> 0
create_cutline -plot Plot_5_pn_final_structure_fps_7 -type x -at 0.50501
select_plots {Plot_3}
#-> Plot_3
#-> C7(5_pn_final_structure_fps_7)
export_view /home/users/EE735_2019/EE735_6/dimple/assign7/A/2b/1e14/1e14.png -plots {Plot_3} -format PNG
#-> 0
load_file /home/users/EE735_2019/EE735_6/dimple/assign7/A/2b/5e14/5_pn_final_structure_fps.tdr
create_plot -dataset 5_pn_final_structure_fps_8
select_plots {Plot_5_pn_final_structure_fps_8}
#-> Plot_5_pn_final_structure_fps_8
#-> Plot_5_pn_final_structure_fps_8
#-> 5_pn_final_structure_fps_8
select_plots {Plot_3}
#-> Plot_3
export_view /home/users/EE735_2019/EE735_6/dimple/assign7/A/2b/1e14/1e14.png -plots {Plot_3} -format PNG -overwrite
#-> 0
select_plots {Plot_5_pn_final_structure_fps_8}
#-> Plot_5_pn_final_structure_fps_8
export_view /home/users/EE735_2019/EE735_6/dimple/assign7/A/2b/5e14/dev.png -plots {Plot_5_pn_final_structure_fps_8} -format PNG -overwrite
#-> 0
create_cutline -plot Plot_5_pn_final_structure_fps_8 -type x -at 0.493255
#-> C8(5_pn_final_structure_fps_8)
select_plots {Plot_3}
#-> Plot_3
zoom_plot -plot Plot_3 -reset
remove_curves {Curve_1} -plot Plot_3
#-> Curve_1
zoom_plot -plot Plot_3 -reset
export_view /home/users/EE735_2019/EE735_6/dimple/assign7/A/2b/5e14/5e14.png -plots {Plot_3} -format PNG -overwrite
#-> 0
load_file /home/users/EE735_2019/EE735_6/dimple/assign7/A/2b/1e15/5_pn_final_structure_fps.tdr
create_plot -dataset 5_pn_final_structure_fps_9
select_plots {Plot_5_pn_final_structure_fps_9}
#-> Plot_5_pn_final_structure_fps_9
#-> Plot_5_pn_final_structure_fps_9
#-> 5_pn_final_structure_fps_9
export_view /home/users/EE735_2019/EE735_6/dimple/assign7/A/2b/1e15/dev.png -plots {Plot_5_pn_final_structure_fps_9} -format PNG
#-> 0
select_plots {Plot_3}
#-> Plot_3
select_plots {Plot_5_pn_final_structure_fps_9}
#-> Plot_5_pn_final_structure_fps_9
create_cutline -plot Plot_5_pn_final_structure_fps_9 -type x -at 0.496627
#-> C9(5_pn_final_structure_fps_9)
select_plots {Plot_3}
#-> Plot_3
create_curve -plot Plot_3 -dataset {C7(5_pn_final_structure_fps_7)} -axisX "Y" -axisY "NetActive"
#-> Curve_4
zoom_plot -plot Plot_3 -reset
export_view /home/users/EE735_2019/EE735_6/dimple/assign7/A/2b/dose.png -plots {Plot_3} -format PNG
#-> 0
remove_curves {Curve_4 Curve_2} -plot Plot_3
#-> Curve_4 Curve_2
zoom_plot -plot Plot_3 -reset
export_view /home/users/EE735_2019/EE735_6/dimple/assign7/A/2b/1e15/1e15.png -plots {Plot_3} -format PNG
#-> 0
export_view /home/users/EE735_2019/EE735_6/dimple/assign7/A/2b/1e15/1e15.png -plots {Plot_3} -format PNG -overwrite
#-> 0
select_plots {Plot_5_pn_final_structure_fps_7}
#-> Plot_5_pn_final_structure_fps_7
select_plots {Plot_5_pn_final_structure_fps_8}
#-> Plot_5_pn_final_structure_fps_8
select_plots {Plot_5_pn_final_structure_fps_9}
#-> Plot_5_pn_final_structure_fps_9
select_plots {Plot_3}
#-> Plot_3
select_plots {Plot_5_pn_final_structure_fps_7 Plot_3 Plot_5_pn_final_structure_fps_8 Plot_5_pn_final_structure_fps_9}
#-> Plot_5_pn_final_structure_fps_7 Plot_3 Plot_5_pn_final_structure_fps_8 Plot_5_pn_final_structure_fps_9
remove_plots {Plot_5_pn_final_structure_fps_7 Plot_3 Plot_5_pn_final_structure_fps_8 Plot_5_pn_final_structure_fps_9}
#-> Plot_5_pn_final_structure_fps_7 Plot_3 Plot_5_pn_final_structure_fps_8 Plot_5_pn_final_structure_fps_9
load_file /home/users/EE735_2019/EE735_6/dimple/assign7/B/all/-5V_neg_dd_des.tdr
create_plot -dataset -5V_neg_dd_des
select_plots {Plot_-5V_neg_dd_des}
#-> Plot_-5V_neg_dd_des
#-> Plot_-5V_neg_dd_des
#-> -5V_neg_dd_des
create_cutline -plot Plot_-5V_neg_dd_des -type x -at 0.49499
select_plots {Plot_4}
#-> Plot_4
#-> C10(-5V_neg_dd_des)
set_band_diagram {Plot_4}
#-> 0
remove_plots {Plot_4}
select_plots {Plot_-5V_neg_dd_des}
#-> Plot_-5V_neg_dd_des
#-> Plot_4
create_cutline -plot Plot_-5V_neg_dd_des -type y -at 0.0708779
select_plots {Plot_5}
#-> Plot_5
#-> C11(-5V_neg_dd_des)
set_band_diagram {Plot_5}
#-> 0
remove_plots {Plot_5}
select_plots {Plot_-5V_neg_dd_des}
#-> Plot_-5V_neg_dd_des
#-> Plot_5
create_cutline -plot Plot_-5V_neg_dd_des -type x -at 0.50167
select_plots {Plot_6}
#-> Plot_6
#-> C12(-5V_neg_dd_des)
set_band_diagram {Plot_6}
#-> 0
remove_curves {Ec_2 Ev_2 Efn_2 Efp_2} -plot Plot_6
#-> Ec_2 Ev_2 Efn_2 Efp_2
export_view /home/users/EE735_2019/EE735_6/dimple/assign7/B/all/rev.png -plots {Plot_6} -format PNG
#-> 0
load_file /home/users/EE735_2019/EE735_6/dimple/assign7/B/all/2V_neg_dd_des.tdr
create_plot -dataset 2V_neg_dd_des
select_plots {Plot_2V_neg_dd_des}
#-> Plot_2V_neg_dd_des
#-> Plot_2V_neg_dd_des
#-> 2V_neg_dd_des
select_plots {Plot_-5V_neg_dd_des}
#-> Plot_-5V_neg_dd_des
remove_plots {Plot_-5V_neg_dd_des}
select_plots {Plot_6}
#-> Plot_6
#-> Plot_-5V_neg_dd_des
remove_plots {Plot_6}
select_plots {Plot_2V_neg_dd_des}
#-> Plot_2V_neg_dd_des
#-> Plot_6
export_view /home/users/EE735_2019/EE735_6/dimple/assign7/B/all/dev2v.png -plots {Plot_2V_neg_dd_des} -format PNG
#-> 0
create_cutline -plot Plot_2V_neg_dd_des -type x -at 0.526007
select_plots {Plot_7}
#-> Plot_7
#-> C13(2V_neg_dd_des)
set_band_diagram {Plot_7}
#-> 0
remove_curves {Ec Ev Efn Efp Ec_2 Ev_2 Efn_2 Efp_2} -plot Plot_7
#-> Ec Ev Efn Efp Ec_2 Ev_2 Efn_2 Efp_2
export_view /home/users/EE735_2019/EE735_6/dimple/assign7/B/all/for.png -plots {Plot_7} -format PNG
#-> 0
load_file /home/users/EE735_2019/EE735_6/dimple/assign7/B/all/-5V_neg_dd_des.tdr
create_plot -dataset -5V_neg_dd_des_2
select_plots {Plot_-5V_neg_dd_des_2}
#-> Plot_-5V_neg_dd_des_2
#-> Plot_-5V_neg_dd_des_2
#-> -5V_neg_dd_des_2
select_plots {Plot_7}
#-> Plot_7
remove_plots {Plot_7}
select_plots {Plot_2V_neg_dd_des}
#-> Plot_2V_neg_dd_des
#-> Plot_7
remove_plots {Plot_2V_neg_dd_des}
select_plots {Plot_-5V_neg_dd_des_2}
#-> Plot_-5V_neg_dd_des_2
#-> Plot_2V_neg_dd_des
export_view /home/users/EE735_2019/EE735_6/dimple/assign7/B/all/dev-5v.png -plots {Plot_-5V_neg_dd_des_2} -format PNG
#-> 0
exit
