****************************************************************************
***                          Sentaurus Process                           ***
***                          Version G-2012.06                           ***
***                         (1.7, amd64, linux)                          ***
***                                                                      ***
***                       Copyright (C) 1993-2002                        ***
***          The board of regents of the University of Florida           ***
***                       Copyright (C) 1994-2012                        ***
***                            Synopsys, Inc.                            ***
***                                                                      ***
***  This software and the associated documentation are confidential     ***
***  and proprietary to Synopsys, Inc.  Your use or disclosure of this   ***
***  software is subject to the terms and conditions of a written        ***
***  license agreement between you, or your company, and Synopsys, Inc.  ***
****************************************************************************

Compiled Mon Apr 30 22:52:45 PDT 2012 on tcadprod5

      Started at: Mon Oct 21 18:32:05 2019 (UTC)
       User name: EE735_6
       Host name: mcl22
             PID: 16815
    Architecture: x86_64
Operating system: Linux rel. 2.6.32-642.13.1.el6.x86_64 ver. #1 SMP Wed Jan 11 20:56:24 UTC 2017

------------------------------------------------------------------------------
Checking syntax of slide.cmd:

Syntax check complete.
------------------------------------------------------------------------------

Starting Tcl interpreter with inputfile: slide.cmd
            sprocess: Checked Out
           Floops-1D: Checked Out

Loading models file: /usr/local/Softwares/Sentaurus/Sentaurus_vG_2012.06/bin/../tcad/current/lib/sprocess-20.0.7/TclLib/SPROCESS.models... done.
------------------------------------------------------------------- line -----
line X location= 0.00e+00<um> spacing= 1.00<nm> tag= "SiTop"
------------------------------------------------------------------------------
------------------------------------------------------------------- line -----
line X location= 50.00<nm> spacing= 10.00<nm>
------------------------------------------------------------------------------
------------------------------------------------------------------- line -----
line X location= 100.00<nm> spacing= 20.00<nm>
------------------------------------------------------------------------------
------------------------------------------------------------------- line -----
line X location= 500.00<nm> spacing= 50.00<nm>
------------------------------------------------------------------------------
------------------------------------------------------------------- line -----
line X location= 1200.00<nm> spacing= 100.00<nm> tag= "SiBottom"
------------------------------------------------------------------------------
------------------------------------------------------------------- line -----
line Y location= 0.00e+00<um> spacing= 50.00<nm> tag= "Left"
------------------------------------------------------------------------------
------------------------------------------------------------------- line -----
line Y location= 1000.00<nm> spacing= 50.00<nm> tag= "Right"
------------------------------------------------------------------------------
----------------------------------------------------------------- region -----
region xlo= "SiTop" xhi= "SiBottom" ylo= "Left" yhi= "Right" Silicon
------------------------------------------------------------------------------
------------------------------------------------------------------- init -----
init concentration= 1.00e+17<cm-3> field= "Boron" wafer.orient= {100.00}
------------------------------------------------------------------------------
          sprocess2d: Checked Out
           Floops-2D: Checked Out

Creating structure...
Recreating refinements to take into account updated simulation dimension.
Done recreating refinements.


Points: 38
Nodes: 38
Edges: 37
Faces: 0
Volumes: 0

----------------------------------------------------------------- mgoals -----
mgoals accuracy= 1.00e-05<um> min.normal.size= 2.00<nm> normal.growth.ratio= 1.40
------------------------------------------------------------------------------
---------------------------------------------------------------- deposit -----
deposit time= 1.00<min> type= "isotropic" rate= {0.150<um/min>} material= {Oxide}
------------------------------------------------------------------------------
MGoals time: 0.098985

Updating sprocess mesh before Etch/Depo relax.
Generating SnMesh mesh... 
SnMesh time: 2.9990e-03

========================  tri-grid quality (Gas exluded)  ========================
    0  10  20  30  40  50  60  70  80  90 100 110 120 130 140 150 160 170 180
 %   26   2                           2  53                                
---------------------------------------------------------------------------------
minAngle: 0.0859913  maxAngle: 90
nVerts = 148  nTris = 146  nMats = 5
max connectivity (tris per node): 3
bmin: 1.2 0
bmax: -0.250015 0.000145002
min edgeLength: 0.000145002  [near (-0.148446 7.25008e-05)]
min volume: 7.45095e-08  max volume: 7.00459e-06  Total volume: 0.000195752
bbox  volume: 0.000210254
Are all boundaries on bbox? true
=================================================================================
Initializing sprocess...time: 0.047993
Interpolating...elapsed time: 0.03
sprocess parallel assembly thread count = 1
sprocess Pardiso thread count = 1
Mechanics:         0s   to         1s   step    :         1s   temp: 26.9C->26.9C
------------------------------------------------------------------- grid -----
grid remesh
------------------------------------------------------------------------------
Generating SnMesh mesh... 
SnMesh time: 3.0000e-03

========================  tri-grid quality (Gas exluded)  ========================
    0  10  20  30  40  50  60  70  80  90 100 110 120 130 140 150 160 170 180
 %   26   2                           2  53                                
---------------------------------------------------------------------------------
minAngle: 0.0859913  maxAngle: 90
nVerts = 148  nTris = 146  nMats = 5
max connectivity (tris per node): 3
bmin: 1.2 0
bmax: -0.250015 0.000145002
min edgeLength: 0.000145002  [near (-0.148446 7.25008e-05)]
min volume: 7.45095e-08  max volume: 7.00459e-06  Total volume: 0.000195752
bbox  volume: 0.000210254
Are all boundaries on bbox? true
=================================================================================
Initializing sprocess...time: 0.046992
Interpolating...elapsed time: 0.01
------------------------------------------------------------------- mask -----
mask name= "implant_mask" segments= {0.00e+00<um> 0.425<um> 0.575<um> 1.00<um>}
------------------------------------------------------------------------------
------------------------------------------------------------------- etch -----
etch time= 1.00<min> mask= "implant_mask" rate= {0.170<um/min>} type= "anisotropic" material= {oxide}
------------------------------------------------------------------------------
Size of simulation domain in Z direction is 0.  Evaluating masks at z==0.0
Increasing dimension 1 -> 2
Creating structure... 
Points: 1554
Nodes: 1638
Edges: 4553
Faces: 2920
Volumes: 0

Copying data...done

Recreating refinements to take into account updated simulation dimension.
Done recreating refinements.

MGoals time: 0.210968

Updating sprocess mesh before Etch/Depo relax.
Generating SnMesh mesh... 
SnMesh time: 0.430935

========================  tri-grid quality (Gas exluded)  ========================
    0  10  20  30  40  50  60  70  80  90 100 110 120 130 140 150 160 170 180
 %    4   5   5   5   5   4   5   5   5  27  .   .                         
---------------------------------------------------------------------------------
minAngle: 1.1775  maxAngle: 109.114
nVerts = 2666  nTris = 5138  nMats = 4
max connectivity (tris per node): 8
bmin: 1.2 0
bmax: -0.250015 1
min edgeLength: 0.00102771  [near (0.000513853 0.95)]
min volume: 1.21225e-06  max volume: 0.00241535  Total volume: 1.3275
bbox  volume: 1.45002
Are all boundaries on bbox? true
=================================================================================
Initializing sprocess...time: 0.131979
Interpolating...elapsed time: 0.1
Mechanics:         0s   to         1s   step    :         1s   temp: 26.9C->26.9C

------------------------------------------------------------------- grid -----
grid remesh
------------------------------------------------------------------------------
Generating SnMesh mesh... 
SnMesh time: 0.430934

========================  tri-grid quality (Gas exluded)  ========================
    0  10  20  30  40  50  60  70  80  90 100 110 120 130 140 150 160 170 180
 %    4   5   5   5   5   4   5   5   5  27  .   .                         
---------------------------------------------------------------------------------
minAngle: 1.1775  maxAngle: 109.114
nVerts = 2666  nTris = 5138  nMats = 4
max connectivity (tris per node): 8
bmin: 1.2 0
bmax: -0.250015 1
min edgeLength: 0.00102771  [near (0.000513853 0.95)]
min volume: 1.21225e-06  max volume: 0.00241535  Total volume: 1.3275
bbox  volume: 1.45002
Are all boundaries on bbox? true
=================================================================================
Initializing sprocess...time: 0.123981
Interpolating...elapsed time: 0.08
----------------------------------------------------------------- struct -----
struct tdr= "1_pn_oxide_etch_before_implant"
------------------------------------------------------------------------------
Points: 2666
Nodes: 2914
Edges: 8043
Faces: 5138
Volumes: 0

Writing file 1_pn_oxide_etch_before_implant_fps.tdr...done.

-------------------------------------------------------------- refinebox -----
refinebox Silicon min= {0.00e+00<um> 0.400<um>} max= {0.200<um> 0.600<um>} xrefine= {0.0100<um> 0.0100<um> 0.0100<um>} yrefine= {0.0100<um> 0.0100<um> 0.0100<um>}
------------------------------------------------------------------------------
------------------------------------------------------------------- grid -----
grid remesh
------------------------------------------------------------------------------
Generating SnMesh mesh... 
SnMesh time: 0.6549

========================  tri-grid quality (Gas exluded)  ========================
    0  10  20  30  40  50  60  70  80  90 100 110 120 130 140 150 160 170 180
 %    3   3   3   3  13  13   3   4   4  28  .   .   .                     
---------------------------------------------------------------------------------
minAngle: 1.1775  maxAngle: 115.986
nVerts = 3913  nTris = 7632  nMats = 4
max connectivity (tris per node): 8
bmin: 1.2 0
bmax: -0.250015 1
min edgeLength: 0.00102771  [near (0.000513853 1)]
min volume: 1.21225e-06  max volume: 0.00241535  Total volume: 1.3275
bbox  volume: 1.45002
Are all boundaries on bbox? true
=================================================================================
Initializing sprocess...time: 0.147977
Interpolating...elapsed time: 0.11
---------------------------------------------------------------- implant -----
implant energy= 10.00<keV> dose= 7.00e+13<cm-2> tilt= 0.00e+00<degree> Phosphorus
------------------------------------------------------------------------------
No substrate defined (implant).  Skip updateStrain.
Species           =  Phosphorus
Dataset           =  Phosphorus
Energy            =  10keV
Dose (WaferDose)  =  7e+13/cm2
BeamDose          =  7e+13/cm2
BeamDose2D        =  7e+13/cm2
Tilt              =   0deg
Tilt2D            =   0deg
Rotation          = 270deg
Slice angle       = -90deg
Temperature       = 300.00K
LeftBoundary      = Extend
RightBoundary     = Extend

Total implant time:    1.82sec
- - - - - - - - - - - - - - - - - - - - - - - - - - - - - - - - - - - - - - - 
Computing finite volumes...done

   Dose in:   Silicon_1   Oxide_1.1   Oxide_1.2       Total
                Silicon       Oxide       Oxide
      Boron  1.2000e+13  0.0000e+00  0.0000e+00  1.2000e+13
 Phosphorus  1.0493e+13  2.9898e+13  2.9989e+13  7.0380e+13
- - - - - - - - - - - - - - - - - - - - - - - - - - - - - - - - - - - - - - - 


No substrate defined (implant).  Skip updateStrain.
---------------------------------------------------------------- diffuse -----
diffuse time= 1.20<s> temperature= 1060.00<C>
------------------------------------------------------------------------------
---- ---- ---- ---- ---- ---- ---- ---- ---- ---- ---- ---- ---- ---- ---- ---
Anneal step:	Time=1.2s, Ramp rate=0C/s, Temperature=1060.0C
Temperature > minT. Diffusion: On   Reaction: Off   Assembly: Serial
Mechanics:         0s   to    0.0001s   step    :    0.0001s   temp: 1060.0C
--- --- --- --- --- --- --- --- --- --- --- --- --- --- --- --- --- --- --- --
Initializing:  
--- --- --- --- --- --- --- --- --- --- --- --- --- --- --- --- --- --- --- --
Initialization is done.
--- --- --- --- --- --- --- --- --- --- --- --- --- --- --- --- --- --- --- --
Diffusion:         0s   to    0.0001s   step (s):    0.0001s   temp: 1060.0C
Mechanics:    0.0001s   to 0.0001666s   step    : 6.664e-05s   temp: 1060.0C
Diffusion:    0.0001s   to 0.0001666s   step (s): 6.664e-05s   temp: 1060.0C
Mechanics: 0.0001666s   to 0.0002612s   step    : 9.456e-05s   temp: 1060.0C
Diffusion: 0.0001666s   to 0.0002612s   step (s): 9.456e-05s   temp: 1060.0C
Mechanics: 0.0002612s   to 0.0004438s   step    : 0.0001826s   temp: 1060.0C
Diffusion: 0.0002612s   to 0.0004438s   step (s): 0.0001826s   temp: 1060.0C
Mechanics: 0.0004438s   to 0.0008091s   step    : 0.0003653s   temp: 1060.0C
Diffusion: 0.0004438s   to 0.0008091s   step (s): 0.0003653s   temp: 1060.0C
Mechanics: 0.0008091s   to   0.00154s   step    : 0.0007305s   temp: 1060.0C
Diffusion: 0.0008091s   to   0.00154s   step (s): 0.0007305s   temp: 1060.0C
Mechanics:   0.00154s   to  0.002536s   step    : 0.0009959s   temp: 1060.0C
Diffusion:   0.00154s   to  0.002536s   step (s): 0.0009959s   temp: 1060.0C
Mechanics:  0.002536s   to  0.003796s   step    :   0.00126s   temp: 1060.0C
Diffusion:  0.002536s   to  0.003796s   step (s):   0.00126s   temp: 1060.0C
Mechanics:  0.003796s   to  0.005638s   step    :  0.001842s   temp: 1060.0C
Diffusion:  0.003796s   to  0.005638s   step (s):  0.001842s   temp: 1060.0C
Mechanics:  0.005638s   to  0.008543s   step    :  0.002906s   temp: 1060.0C
Diffusion:  0.005638s   to  0.008543s   step (s):  0.002906s   temp: 1060.0C
Mechanics:  0.008543s   to   0.01365s   step    :  0.005107s   temp: 1060.0C
Diffusion:  0.008543s   to   0.01365s   step (s):  0.005107s   temp: 1060.0C
Mechanics:   0.01365s   to   0.02179s   step    :  0.008138s   temp: 1060.0C
Diffusion:   0.01365s   to   0.02179s   step (s):  0.008138s   temp: 1060.0C
Mechanics:   0.02179s   to   0.03278s   step    :   0.01099s   temp: 1060.0C
Diffusion:   0.02179s   to   0.03278s   step (s):   0.01099s   temp: 1060.0C
Mechanics:   0.03278s   to   0.04382s   step    :   0.01104s   temp: 1060.0C
Diffusion:   0.03278s   to   0.04382s   step (s):   0.01104s   temp: 1060.0C
Mechanics:   0.04382s   to   0.06205s   step    :   0.01823s   temp: 1060.0C
Diffusion:   0.04382s   to   0.06205s   step (s):   0.01823s   temp: 1060.0C
Mechanics:   0.06205s   to   0.08157s   step    :   0.01951s   temp: 1060.0C
Diffusion:   0.06205s   to   0.08157s   step (s):   0.01951s   temp: 1060.0C
Mechanics:   0.08157s   to   0.09764s   step    :   0.01608s   temp: 1060.0C
Diffusion:   0.08157s   to   0.09764s   step (s):   0.01608s   temp: 1060.0C
Mechanics:   0.09764s   to    0.1145s   step    :   0.01681s   temp: 1060.0C
Diffusion:   0.09764s   to    0.1145s   step (s):   0.01681s   temp: 1060.0C
Mechanics:    0.1145s   to    0.1313s   step    :   0.01689s   temp: 1060.0C
Diffusion:    0.1145s   to    0.1313s   step (s):   0.01689s   temp: 1060.0C
Mechanics:    0.1313s   to     0.149s   step    :   0.01763s   temp: 1060.0C
Diffusion:    0.1313s   to     0.149s   step (s):   0.01763s   temp: 1060.0C
Mechanics:     0.149s   to    0.1678s   step    :   0.01882s   temp: 1060.0C
Diffusion:     0.149s   to    0.1678s   step (s):   0.01882s   temp: 1060.0C
Mechanics:    0.1678s   to    0.1899s   step    :    0.0221s   temp: 1060.0C
Diffusion:    0.1678s   to    0.1899s   step (s):    0.0221s   temp: 1060.0C
Mechanics:    0.1899s   to    0.2234s   step    :   0.03349s   temp: 1060.0C
Diffusion:    0.1899s   to    0.2234s   step (s):   0.03349s   temp: 1060.0C
Mechanics:    0.2234s   to    0.2904s   step    :   0.06697s   temp: 1060.0C
Diffusion:    0.2234s   to    0.2904s   step (s):   0.06697s   temp: 1060.0C
Mechanics:    0.2904s   to    0.4243s   step    :    0.1339s   temp: 1060.0C
Diffusion:    0.2904s   to    0.4243s   step (s):    0.1339s   temp: 1060.0C
Mechanics:    0.4243s   to    0.6922s   step    :    0.2679s   temp: 1060.0C
Diffusion:    0.4243s   to    0.6922s   step (s):    0.2679s   temp: 1060.0C
Mechanics:    0.6922s   to       1.2s   step    :    0.5078s   temp: 1060.0C
Diffusion:    0.6922s   to       1.2s   step (s):    0.5078s   temp: 1060.0C

Elapsed time for diffuse 53.65s
----------------------------------------------------------------- struct -----
struct tdr= "2_pn_after_implant_diffusion"
------------------------------------------------------------------------------
Points: 3913
Nodes: 4185
Edges: 11808
Faces: 7632
Volumes: 0

Writing file 2_pn_after_implant_diffusion_fps.tdr...done.

------------------------------------------------------------------- etch -----
etch time= 1.00<min> rate= {0.170<um/min>} type= "isotropic" material= {Oxide}
------------------------------------------------------------------------------
MGoals time: 0.612906

Updating sprocess mesh before Etch/Depo relax.
Generating SnMesh mesh... 
SnMesh time: 0.501924

========================  tri-grid quality (Gas exluded)  ========================
    0  10  20  30  40  50  60  70  80  90 100 110 120 130 140 150 160 170 180
 %    1   3   2   3  17  17   3   2   3  27                                
---------------------------------------------------------------------------------
minAngle: 1.1775  maxAngle: 90
nVerts = 2835  nTris = 5520  nMats = 2
max connectivity (tris per node): 7
bmin: 1.2 0
bmax: -0.250015 1
min edgeLength: 0.00102771  [near (0.000513853 0.95)]
min volume: 3.21158e-06  max volume: 0.00241535  Total volume: 1.2
bbox  volume: 1.45002
Are all boundaries on bbox? true
=================================================================================
Initializing sprocess...time: 0.113983
Interpolating...elapsed time: 0.11
Mechanics:         0s   to         1s   step    :         1s   temp: 26.9C->26.9C

------------------------------------------------------------------- grid -----
grid remesh
------------------------------------------------------------------------------
Generating SnMesh mesh... 
SnMesh time: 0.508923

========================  tri-grid quality (Gas exluded)  ========================
    0  10  20  30  40  50  60  70  80  90 100 110 120 130 140 150 160 170 180
 %    1   3   2   3  17  17   3   2   3  27                                
---------------------------------------------------------------------------------
minAngle: 1.1775  maxAngle: 90
nVerts = 2835  nTris = 5520  nMats = 2
max connectivity (tris per node): 7
bmin: 1.2 0
bmax: -0.250015 1
min edgeLength: 0.00102771  [near (0.000513853 0.95)]
min volume: 3.21158e-06  max volume: 0.00241535  Total volume: 1.2
bbox  volume: 1.45002
Are all boundaries on bbox? true
=================================================================================
Initializing sprocess...time: 0.103984
Interpolating...elapsed time: 0.08
----------------------------------------------------------------- struct -----
struct tdr= "3_pn_after_imp_diff_oxide_etch"
------------------------------------------------------------------------------
Points: 2835
Nodes: 2945
Edges: 8462
Faces: 5520
Volumes: 0

Writing file 3_pn_after_imp_diff_oxide_etch_fps.tdr...done.

---------------------------------------------------------------- deposit -----
deposit time= 1.00<min> type= "isotropic" rate= {0.0700<um/min>} material= {Aluminum}
------------------------------------------------------------------------------
MGoals time: 0.39394

Updating sprocess mesh before Etch/Depo relax.
Generating SnMesh mesh... 
SnMesh time: 0.509922

========================  tri-grid quality (Gas exluded)  ========================
    0  10  20  30  40  50  60  70  80  90 100 110 120 130 140 150 160 170 180
 %    2   4   4   5  17  17   5   5   4  34          .                     
---------------------------------------------------------------------------------
minAngle: 1.1775  maxAngle: 115.986
nVerts = 2862  nTris = 5572  nMats = 3
max connectivity (tris per node): 7
bmin: 1.2 0
bmax: -0.250015 1
min edgeLength: 0.00102771  [near (0.000513853 0.95)]
min volume: 3.21158e-06  max volume: 0.00241535  Total volume: 1.27
bbox  volume: 1.45002
Are all boundaries on bbox? true
=================================================================================
Initializing sprocess...time: 0.138979
Interpolating...elapsed time: 0.11
Mechanics:         0s   to         1s   step    :         1s   temp: 26.9C->26.9C
------------------------------------------------------------------- grid -----
grid remesh
------------------------------------------------------------------------------
Generating SnMesh mesh... 
SnMesh time: 0.513922

========================  tri-grid quality (Gas exluded)  ========================
    0  10  20  30  40  50  60  70  80  90 100 110 120 130 140 150 160 170 180
 %    2   4   4   5  17  17   5   5   4  34          .                     
---------------------------------------------------------------------------------
minAngle: 1.1775  maxAngle: 115.986
nVerts = 2862  nTris = 5572  nMats = 3
max connectivity (tris per node): 7
bmin: 1.2 0
bmax: -0.250015 1
min edgeLength: 0.00102771  [near (0.000513853 0.95)]
min volume: 3.21158e-06  max volume: 0.00241535  Total volume: 1.27
bbox  volume: 1.45002
Are all boundaries on bbox? true
=================================================================================
Initializing sprocess...time: 0.136979
Interpolating...elapsed time: 0.11
----------------------------------------------------------------- struct -----
struct tdr= "4_pn_after_metal_depos"
------------------------------------------------------------------------------
Points: 2862
Nodes: 3026
Edges: 8593
Faces: 5572
Volumes: 0

Writing file 4_pn_after_metal_depos_fps.tdr...done.

------------------------------------------------------------------- mask -----
mask name= "contacts_mask1" left= 0.425<um> right= 0.575<um>
------------------------------------------------------------------------------
------------------------------------------------------------------- etch -----
etch time= 1.00<min> mask= "contacts_mask1" rate= {0.0800<um/min>} type= "anisotropic" material= {Aluminum}
------------------------------------------------------------------------------
MGoals time: 0.45793

Updating sprocess mesh before Etch/Depo relax.
Generating SnMesh mesh... 
SnMesh time: 0.508923

========================  tri-grid quality (Gas exluded)  ========================
    0  10  20  30  40  50  60  70  80  90 100 110 120 130 140 150 160 170 180
 %    1   3   3   4  17  17   4   4   3  29          .                     
---------------------------------------------------------------------------------
minAngle: 1.1775  maxAngle: 115.986
nVerts = 2842  nTris = 5534  nMats = 3
max connectivity (tris per node): 7
bmin: 1.2 0
bmax: -0.250015 1
min edgeLength: 0.00102771  [near (0.000513853 0.95)]
min volume: 3.21158e-06  max volume: 0.00241535  Total volume: 1.2105
bbox  volume: 1.45002
Are all boundaries on bbox? true
=================================================================================
Initializing sprocess...time: 0.143978
Interpolating...elapsed time: 0.11
Mechanics:         0s   to         1s   step    :         1s   temp: 26.9C->26.9C

------------------------------------------------------------------- grid -----
grid remesh
------------------------------------------------------------------------------
Generating SnMesh mesh... 
SnMesh time: 0.511921

========================  tri-grid quality (Gas exluded)  ========================
    0  10  20  30  40  50  60  70  80  90 100 110 120 130 140 150 160 170 180
 %    1   3   3   4  17  17   4   4   3  29          .                     
---------------------------------------------------------------------------------
minAngle: 1.1775  maxAngle: 115.986
nVerts = 2842  nTris = 5534  nMats = 3
max connectivity (tris per node): 7
bmin: 1.2 0
bmax: -0.250015 1
min edgeLength: 0.00102771  [near (0.000513853 0.95)]
min volume: 3.21158e-06  max volume: 0.00241535  Total volume: 1.2105
bbox  volume: 1.45002
Are all boundaries on bbox? true
=================================================================================
Initializing sprocess...time: 0.143978
Interpolating...elapsed time: 0.11
---------------------------------------------------------------- contact -----
contact Aluminum name= "n" adjacent.material= "Ambient" xlo= -0.0710<um> xhi= -0.0690<um> ylo= 0.425<um> yhi= 0.575<um> box
------------------------------------------------------------------------------
---------------------------------------------------------------- contact -----
contact Silicon name= "p" adjacent.material= "Ambient" xlo= 1.19<um> xhi= 1.21<um> ylo= 0.00e+00<um> yhi= 1.00<um> box
------------------------------------------------------------------------------
----------------------------------------------------------------- struct -----
struct tdr= "5_pn_final_structure"
------------------------------------------------------------------------------
Points: 2842
Nodes: 3016
Edges: 8543
Faces: 5534
Volumes: 0

Interpolating...elapsed time: 0.06
Writing file 5_pn_final_structure_fps.tdr...done.

------------------------------------------------------------------------------
Summary:
Anneal time stepping:
  reaction/mechanics steps=27 minimum=1.0000e+38s maximum=1.0000e+38s
  diffusion steps=27 minimum=6.6635e-05s maximum=0.507805s
Edge/Face swapping:
 calls=4 flips=0
------------------------------------------------------------------------------

Elapsed Time:	00:01:23
User Time:	00:01:22
CPU Time:	00:01:19

Detailed CPU time report:

27.02 sec (35.4%) Solver(PDE). (255 calls).
6.58 sec (8.6%) Store nodal values: Serial. (3285 calls).
5.66 sec (7.4%) Serial mode assembly. (365 calls).
5.35 sec (7.0%) Diffusion step time. (27 calls).
4.55 sec (6.0%) SnMesh meshing (11 calls).
3.53 sec (4.6%) Mechanics step (27 calls).
2.79 sec (3.7%) implant command (226 calls).
2.72 sec (3.6%) struct command (5 calls).
1.93 sec (2.5%) reaction command (42 calls).
1.77 sec (2.3%) mgoals (5 calls).
1.74 sec (2.3%) sel command (1174 calls).
1.27 sec (1.7%) Solver(Mechanics) (32 calls).
1.01 sec (1.3%) mater command (5013 calls).
0.97 sec (1.3%) solution command (9074 calls).
0.94 sec (1.2%) grid command (6 calls).
0.89 sec (1.2%) Mechanics assembly (serial mode) (32 calls).
0.86 sec (1.1%) Total time spent in Symbolic. (2 calls).
0.86 sec (1.1%) term command (989 calls).
0.83 sec (1.1%) etch command (3 calls).
0.79 sec (1.0%) Bulk Interpolation (12 calls).
0.76 sec (1.0%) Other Program Parts (1 calls).
0.69 sec (0.9%) Transfer from mesher 1D/2D (11 calls).
0.64 sec (0.8%) FieldServer copy (12 calls).
0.50 sec (0.7%) MakeInterfaces (25 calls).
0.45 sec (0.6%) deposit command (2 calls).

Detailed elapsed time report:

27.06 sec (34.9%) Solver(PDE). (255 calls).
6.58 sec (8.5%) Store nodal values: Serial. (3285 calls).
5.67 sec (7.3%) Serial mode assembly. (365 calls).
5.35 sec (6.9%) Diffusion step time. (27 calls).
4.56 sec (5.9%) SnMesh meshing (11 calls).
3.65 sec (4.7%) struct command (5 calls).
3.53 sec (4.6%) Mechanics step (27 calls).
2.80 sec (3.6%) implant command (226 calls).
1.93 sec (2.5%) reaction command (42 calls).
1.78 sec (2.3%) mgoals (5 calls).
1.75 sec (2.3%) sel command (1174 calls).
1.28 sec (1.7%) Solver(Mechanics) (32 calls).
1.01 sec (1.3%) mater command (5013 calls).
0.98 sec (1.3%) solution command (9074 calls).
0.94 sec (1.2%) grid command (6 calls).
0.89 sec (1.1%) Mechanics assembly (serial mode) (32 calls).
0.87 sec (1.1%) Total time spent in Symbolic. (2 calls).
0.86 sec (1.1%) term command (989 calls).
0.83 sec (1.1%) etch command (3 calls).
0.79 sec (1.0%) Bulk Interpolation (12 calls).
0.76 sec (1.0%) Other Program Parts (1 calls).
0.70 sec (0.9%) Transfer from mesher 1D/2D (11 calls).
0.64 sec (0.8%) FieldServer copy (12 calls).
0.51 sec (0.7%) MakeInterfaces (25 calls).
0.45 sec (0.6%) deposit command (2 calls).


                          [1mSee ya' later Alagator![0m

