****************************************************************************
***                          Sentaurus Process                           ***
***                          Version G-2012.06                           ***
***                         (1.7, amd64, linux)                          ***
***                                                                      ***
***                       Copyright (C) 1993-2002                        ***
***          The board of regents of the University of Florida           ***
***                       Copyright (C) 1994-2012                        ***
***                            Synopsys, Inc.                            ***
***                                                                      ***
***  This software and the associated documentation are confidential     ***
***  and proprietary to Synopsys, Inc.  Your use or disclosure of this   ***
***  software is subject to the terms and conditions of a written        ***
***  license agreement between you, or your company, and Synopsys, Inc.  ***
****************************************************************************

Compiled Mon Apr 30 22:52:45 PDT 2012 on tcadprod5

      Started at: Thu Oct 24 12:49:49 2019 (UTC)
       User name: EE735_6
       Host name: mcl21
             PID: 697
    Architecture: x86_64
Operating system: Linux rel. 2.6.32-696.1.1.el6.x86_64 ver. #1 SMP Tue Apr 11 17:13:24 UTC 2017

------------------------------------------------------------------------------
Checking syntax of q3.cmd:

Syntax check complete.
------------------------------------------------------------------------------

Starting Tcl interpreter with inputfile: q3.cmd
            sprocess: Checked Out
           Floops-1D: Checked Out

Loading models file: /usr/local/Softwares/Sentaurus/Sentaurus_vG_2012.06/bin/../tcad/current/lib/sprocess-20.0.7/TclLib/SPROCESS.models... done.
------------------------------------------------------------------- line -----
line X location= 0.00e+00<um> spacing= 1.00<nm> tag= "SiTop"
------------------------------------------------------------------------------
------------------------------------------------------------------- line -----
line X location= 50.00<nm> spacing= 10.00<nm>
------------------------------------------------------------------------------
------------------------------------------------------------------- line -----
line X location= 100.00<nm> spacing= 20.00<nm>
------------------------------------------------------------------------------
------------------------------------------------------------------- line -----
line X location= 500.00<nm> spacing= 50.00<nm>
------------------------------------------------------------------------------
------------------------------------------------------------------- line -----
line X location= 1200.00<nm> spacing= 100.00<nm> tag= "SiBottom"
------------------------------------------------------------------------------
------------------------------------------------------------------- line -----
line Y location= 0.00e+00<um> spacing= 50.00<nm> tag= "Left"
------------------------------------------------------------------------------
------------------------------------------------------------------- line -----
line Y location= 1000.00<nm> spacing= 50.00<nm> tag= "Right"
------------------------------------------------------------------------------
----------------------------------------------------------------- region -----
region xlo= "SiTop" xhi= "SiBottom" ylo= "Left" yhi= "Right" Silicon
------------------------------------------------------------------------------
------------------------------------------------------------------- init -----
init concentration= 1.00e+16<cm-3> field= "Boron" wafer.orient= {100.00}
------------------------------------------------------------------------------
          sprocess2d: Checked Out
           Floops-2D: Checked Out

Creating structure...
Recreating refinements to take into account updated simulation dimension.
Done recreating refinements.


Points: 38
Nodes: 38
Edges: 37
Faces: 0
Volumes: 0

----------------------------------------------------------------- mgoals -----
mgoals accuracy= 1.00e-05<um> min.normal.size= 2.00<nm> normal.growth.ratio= 1.40
------------------------------------------------------------------------------
---------------------------------------------------------------- deposit -----
deposit time= 1.00<min> type= "isotropic" rate= {0.150<um/min>} material= {Oxide}
------------------------------------------------------------------------------
MGoals time: 0.096986

Updating sprocess mesh before Etch/Depo relax.
Generating SnMesh mesh... 
SnMesh time: 3.0000e-03

========================  tri-grid quality (Gas exluded)  ========================
    0  10  20  30  40  50  60  70  80  90 100 110 120 130 140 150 160 170 180
 %   26   2                           2  53                                
---------------------------------------------------------------------------------
minAngle: 0.0859913  maxAngle: 90
nVerts = 148  nTris = 146  nMats = 5
max connectivity (tris per node): 3
bmin: 1.2 0
bmax: -0.250015 0.000145002
min edgeLength: 0.000145002  [near (-0.148446 7.25008e-05)]
min volume: 7.45095e-08  max volume: 7.00459e-06  Total volume: 0.000195752
bbox  volume: 0.000210254
Are all boundaries on bbox? true
=================================================================================
Initializing sprocess...time: 0.046993
Interpolating...elapsed time: 0.03
sprocess parallel assembly thread count = 1
sprocess Pardiso thread count = 1
Mechanics:         0s   to         1s   step    :         1s   temp: 26.9C->26.9C
------------------------------------------------------------------- grid -----
grid remesh
------------------------------------------------------------------------------
Generating SnMesh mesh... 
SnMesh time: 3.0000e-03

========================  tri-grid quality (Gas exluded)  ========================
    0  10  20  30  40  50  60  70  80  90 100 110 120 130 140 150 160 170 180
 %   26   2                           2  53                                
---------------------------------------------------------------------------------
minAngle: 0.0859913  maxAngle: 90
nVerts = 148  nTris = 146  nMats = 5
max connectivity (tris per node): 3
bmin: 1.2 0
bmax: -0.250015 0.000145002
min edgeLength: 0.000145002  [near (-0.148446 7.25008e-05)]
min volume: 7.45095e-08  max volume: 7.00459e-06  Total volume: 0.000195752
bbox  volume: 0.000210254
Are all boundaries on bbox? true
=================================================================================
Initializing sprocess...time: 0.045993
Interpolating...elapsed time: 0.01
------------------------------------------------------------------- mask -----
mask name= "implant_mask" segments= {0.00e+00<um> 0.450<um> 0.550<um> 1.00<um>}
------------------------------------------------------------------------------
------------------------------------------------------------------- etch -----
etch time= 1.00<min> mask= "implant_mask" rate= {0.170<um/min>} type= "anisotropic" material= {oxide}
------------------------------------------------------------------------------
Size of simulation domain in Z direction is 0.  Evaluating masks at z==0.0
Increasing dimension 1 -> 2
Creating structure... 
Points: 1554
Nodes: 1638
Edges: 4553
Faces: 2920
Volumes: 0

Copying data...done

Recreating refinements to take into account updated simulation dimension.
Done recreating refinements.

MGoals time: 0.273959

Updating sprocess mesh before Etch/Depo relax.
Generating SnMesh mesh... 
SnMesh time: 0.423936

========================  tri-grid quality (Gas exluded)  ========================
    0  10  20  30  40  50  60  70  80  90 100 110 120 130 140 150 160 170 180
 %    4   5   5   5   4   4   5   5   5  27  .   .                         
---------------------------------------------------------------------------------
minAngle: 1.1775  maxAngle: 109.114
nVerts = 2639  nTris = 5085  nMats = 4
max connectivity (tris per node): 8
bmin: 1.2 0
bmax: -0.250015 1
min edgeLength: 0.00102771  [near (0.000513853 0.95)]
min volume: 1.21225e-06  max volume: 0.00241535  Total volume: 1.335
bbox  volume: 1.45002
Are all boundaries on bbox? true
=================================================================================
Initializing sprocess...time: 0.133981
Interpolating...elapsed time: 0.11
Mechanics:         0s   to         1s   step    :         1s   temp: 26.9C->26.9C

------------------------------------------------------------------- grid -----
grid remesh
------------------------------------------------------------------------------
Generating SnMesh mesh... 
SnMesh time: 0.429935

========================  tri-grid quality (Gas exluded)  ========================
    0  10  20  30  40  50  60  70  80  90 100 110 120 130 140 150 160 170 180
 %    4   5   5   5   4   4   5   5   5  27  .   .                         
---------------------------------------------------------------------------------
minAngle: 1.1775  maxAngle: 109.114
nVerts = 2639  nTris = 5085  nMats = 4
max connectivity (tris per node): 8
bmin: 1.2 0
bmax: -0.250015 1
min edgeLength: 0.00102771  [near (0.000513853 0.95)]
min volume: 1.21225e-06  max volume: 0.00241535  Total volume: 1.335
bbox  volume: 1.45002
Are all boundaries on bbox? true
=================================================================================
Initializing sprocess...time: 0.12698
Interpolating...elapsed time: 0.08
----------------------------------------------------------------- struct -----
struct tdr= "1_pn_oxide_etch_before_implant"
------------------------------------------------------------------------------
Points: 2639
Nodes: 2887
Edges: 7963
Faces: 5085
Volumes: 0

Writing file 1_pn_oxide_etch_before_implant_fps.tdr...done.

-------------------------------------------------------------- refinebox -----
refinebox Silicon min= {0.00e+00<um> 0.400<um>} max= {0.200<um> 0.600<um>} xrefine= {0.0100<um> 0.0100<um> 0.0100<um>} yrefine= {0.0100<um> 0.0100<um> 0.0100<um>}
------------------------------------------------------------------------------
------------------------------------------------------------------- grid -----
grid remesh
------------------------------------------------------------------------------
Generating SnMesh mesh... 
SnMesh time: 0.666899

========================  tri-grid quality (Gas exluded)  ========================
    0  10  20  30  40  50  60  70  80  90 100 110 120 130 140 150 160 170 180
 %    3   4   4   3  13  13   4   4   4  29  .   .   .                     
---------------------------------------------------------------------------------
minAngle: 1.1775  maxAngle: 115.986
nVerts = 3885  nTris = 7577  nMats = 4
max connectivity (tris per node): 8
bmin: 1.2 0
bmax: -0.250015 1
min edgeLength: 0.00102771  [near (0.000513853 0.95)]
min volume: 1.21225e-06  max volume: 0.00241535  Total volume: 1.335
bbox  volume: 1.45002
Are all boundaries on bbox? true
=================================================================================
Initializing sprocess...time: 0.154977
Interpolating...elapsed time: 0.12
---------------------------------------------------------------- implant -----
implant energy= 4.30<keV> dose= 4.50e+12<cm-2> tilt= 0.00e+00<degree> Phosphorus
------------------------------------------------------------------------------
No substrate defined (implant).  Skip updateStrain.
Species           =  Phosphorus
Dataset           =  Phosphorus
Energy            = 4.3keV
Dose (WaferDose)  =  4.5e+12/cm2
BeamDose          =  4.5e+12/cm2
BeamDose2D        =  4.5e+12/cm2
Tilt              =   0deg
Tilt2D            =   0deg
Rotation          = 270deg
Slice angle       = -90deg
Temperature       = 300.00K
LeftBoundary      = Extend
RightBoundary     = Extend

Total implant time:    1.17sec
- - - - - - - - - - - - - - - - - - - - - - - - - - - - - - - - - - - - - - - 
Computing finite volumes...done

   Dose in:   Silicon_1   Oxide_1.1   Oxide_1.2       Total
                Silicon       Oxide       Oxide
      Boron  1.2000e+12  0.0000e+00  0.0000e+00  1.2000e+12
 Phosphorus  4.5069e+11  2.0109e+12  2.0109e+12  4.4725e+12
- - - - - - - - - - - - - - - - - - - - - - - - - - - - - - - - - - - - - - - 


No substrate defined (implant).  Skip updateStrain.
---------------------------------------------------------------- diffuse -----
diffuse time= 9.00<s> temperature= 1060.00<C>
------------------------------------------------------------------------------
---- ---- ---- ---- ---- ---- ---- ---- ---- ---- ---- ---- ---- ---- ---- ---
Anneal step:	Time=9s, Ramp rate=0C/s, Temperature=1060.0C
Temperature > minT. Diffusion: On   Reaction: Off   Assembly: Serial
Mechanics:         0s   to    0.0001s   step    :    0.0001s   temp: 1060.0C
--- --- --- --- --- --- --- --- --- --- --- --- --- --- --- --- --- --- --- --
Initializing:  
--- --- --- --- --- --- --- --- --- --- --- --- --- --- --- --- --- --- --- --
Initialization is done.
--- --- --- --- --- --- --- --- --- --- --- --- --- --- --- --- --- --- --- --
Diffusion:         0s   to    0.0001s   step (s):    0.0001s   temp: 1060.0C
Mechanics:    0.0001s   to  0.000175s   step    :   7.5e-05s   temp: 1060.0C
Diffusion:    0.0001s   to  0.000175s   step (s):   7.5e-05s   temp: 1060.0C
Mechanics:  0.000175s   to 0.0002809s   step    : 0.0001059s   temp: 1060.0C
Diffusion:  0.000175s   to 0.0002809s   step (s): 0.0001059s   temp: 1060.0C
Mechanics: 0.0002809s   to 0.0004848s   step    : 0.0002039s   temp: 1060.0C
Diffusion: 0.0002809s   to 0.0004848s   step (s): 0.0002039s   temp: 1060.0C
Mechanics: 0.0004848s   to 0.0008926s   step    : 0.0004078s   temp: 1060.0C
Diffusion: 0.0004848s   to 0.0008926s   step (s): 0.0004078s   temp: 1060.0C
Mechanics: 0.0008926s   to  0.001708s   step    : 0.0008156s   temp: 1060.0C
Diffusion: 0.0008926s   to  0.001708s   step (s): 0.0008156s   temp: 1060.0C
Mechanics:  0.001708s   to  0.003339s   step    :  0.001631s   temp: 1060.0C
Diffusion:  0.001708s   to  0.003339s   step (s):  0.001631s   temp: 1060.0C
Mechanics:  0.003339s   to  0.006602s   step    :  0.003262s   temp: 1060.0C
Diffusion:  0.003339s   to  0.006602s   step (s):  0.003262s   temp: 1060.0C
Mechanics:  0.006602s   to   0.01313s   step    :  0.006525s   temp: 1060.0C
Diffusion:  0.006602s   to   0.01313s   step (s):  0.006525s   temp: 1060.0C
Mechanics:   0.01313s   to   0.02492s   step    :   0.01179s   temp: 1060.0C
Diffusion:   0.01313s   to   0.02492s   step (s):   0.01179s   temp: 1060.0C
Mechanics:   0.02492s   to    0.0409s   step    :   0.01598s   temp: 1060.0C
Diffusion:   0.02492s   to    0.0409s   step (s):   0.01598s   temp: 1060.0C
Mechanics:    0.0409s   to   0.05978s   step    :   0.01888s   temp: 1060.0C
Diffusion:    0.0409s   to   0.05978s   step (s):   0.01888s   temp: 1060.0C
Mechanics:   0.05978s   to   0.07783s   step    :   0.01805s   temp: 1060.0C
Diffusion:   0.05978s   to   0.07783s   step (s):   0.01805s   temp: 1060.0C
Mechanics:   0.07783s   to   0.09696s   step    :   0.01913s   temp: 1060.0C
Diffusion:   0.07783s   to   0.09696s   step (s):   0.01913s   temp: 1060.0C
Mechanics:   0.09696s   to    0.1164s   step    :   0.01946s   temp: 1060.0C
Diffusion:   0.09696s   to    0.1164s   step (s):   0.01946s   temp: 1060.0C
Mechanics:    0.1164s   to    0.1385s   step    :   0.02207s   temp: 1060.0C
Diffusion:    0.1164s   to    0.1385s   step (s):   0.02207s   temp: 1060.0C
Mechanics:    0.1385s   to    0.1697s   step    :    0.0312s   temp: 1060.0C
Diffusion:    0.1385s   to    0.1697s   step (s):    0.0312s   temp: 1060.0C
Mechanics:    0.1697s   to    0.2321s   step    :   0.06241s   temp: 1060.0C
Diffusion:    0.1697s   to    0.2321s   step (s):   0.06241s   temp: 1060.0C
Mechanics:    0.2321s   to    0.3569s   step    :    0.1248s   temp: 1060.0C
Diffusion:    0.2321s   to    0.3569s   step (s):    0.1248s   temp: 1060.0C
Mechanics:    0.3569s   to    0.6066s   step    :    0.2496s   temp: 1060.0C
Diffusion:    0.3569s   to    0.6066s   step (s):    0.2496s   temp: 1060.0C
Mechanics:    0.6066s   to     1.106s   step    :    0.4993s   temp: 1060.0C
Diffusion:    0.6066s   to     1.106s   step (s):    0.4993s   temp: 1060.0C
Mechanics:     1.106s   to     2.104s   step    :    0.9985s   temp: 1060.0C
Diffusion:     1.106s   to     2.104s   step (s):    0.9985s   temp: 1060.0C
Mechanics:     2.104s   to     4.101s   step    :     1.997s   temp: 1060.0C
Diffusion:     2.104s   to     4.101s   step (s):     1.997s   temp: 1060.0C
Mechanics:     4.101s   to     6.551s   step    :     2.449s   temp: 1060.0C
Diffusion:     4.101s   to     6.551s   step (s):     2.449s   temp: 1060.0C
Mechanics:     6.551s   to         9s   step    :     2.449s   temp: 1060.0C
Diffusion:     6.551s   to         9s   step (s):     2.449s   temp: 1060.0C

Elapsed time for diffuse 48.45s
----------------------------------------------------------------- struct -----
struct tdr= "2_pn_after_implant_diffusion"
------------------------------------------------------------------------------
Points: 3885
Nodes: 4157
Edges: 11725
Faces: 7577
Volumes: 0

Writing file 2_pn_after_implant_diffusion_fps.tdr...done.

------------------------------------------------------------------- etch -----
etch time= 1.00<min> rate= {0.170<um/min>} type= "isotropic" material= {Oxide}
------------------------------------------------------------------------------
MGoals time: 0.606908

Updating sprocess mesh before Etch/Depo relax.
Generating SnMesh mesh... 
SnMesh time: 0.506923

========================  tri-grid quality (Gas exluded)  ========================
    0  10  20  30  40  50  60  70  80  90 100 110 120 130 140 150 160 170 180
 %    1   3   2   3  17  17   3   2   3  27                                
---------------------------------------------------------------------------------
minAngle: 1.1775  maxAngle: 90
nVerts = 2835  nTris = 5520  nMats = 2
max connectivity (tris per node): 7
bmin: 1.2 0
bmax: -0.250015 1
min edgeLength: 0.00102771  [near (0.000513853 0.95)]
min volume: 3.21158e-06  max volume: 0.00241535  Total volume: 1.2
bbox  volume: 1.45002
Are all boundaries on bbox? true
=================================================================================
Initializing sprocess...time: 0.113982
Interpolating...elapsed time: 0.12
Mechanics:         0s   to         1s   step    :         1s   temp: 26.9C->26.9C

------------------------------------------------------------------- grid -----
grid remesh
------------------------------------------------------------------------------
Generating SnMesh mesh... 
SnMesh time: 0.513922

========================  tri-grid quality (Gas exluded)  ========================
    0  10  20  30  40  50  60  70  80  90 100 110 120 130 140 150 160 170 180
 %    1   3   2   3  17  17   3   2   3  27                                
---------------------------------------------------------------------------------
minAngle: 1.1775  maxAngle: 90
nVerts = 2835  nTris = 5520  nMats = 2
max connectivity (tris per node): 7
bmin: 1.2 0
bmax: -0.250015 1
min edgeLength: 0.00102771  [near (0.000513853 0.95)]
min volume: 3.21158e-06  max volume: 0.00241535  Total volume: 1.2
bbox  volume: 1.45002
Are all boundaries on bbox? true
=================================================================================
Initializing sprocess...time: 0.105983
Interpolating...elapsed time: 0.08
----------------------------------------------------------------- struct -----
struct tdr= "3_pn_after_imp_diff_oxide_etch"
------------------------------------------------------------------------------
Points: 2835
Nodes: 2945
Edges: 8462
Faces: 5520
Volumes: 0

Writing file 3_pn_after_imp_diff_oxide_etch_fps.tdr...done.

---------------------------------------------------------------- deposit -----
deposit time= 1.00<min> type= "isotropic" rate= {0.0700<um/min>} material= {Aluminum}
------------------------------------------------------------------------------
MGoals time: 0.404938

Updating sprocess mesh before Etch/Depo relax.
Generating SnMesh mesh... 
SnMesh time: 0.513922

========================  tri-grid quality (Gas exluded)  ========================
    0  10  20  30  40  50  60  70  80  90 100 110 120 130 140 150 160 170 180
 %    2   4   4   5  17  17   5   5   4  34          .                     
---------------------------------------------------------------------------------
minAngle: 1.1775  maxAngle: 115.986
nVerts = 2862  nTris = 5572  nMats = 3
max connectivity (tris per node): 7
bmin: 1.2 0
bmax: -0.250015 1
min edgeLength: 0.00102771  [near (0.000513853 0.95)]
min volume: 3.21158e-06  max volume: 0.00241535  Total volume: 1.27
bbox  volume: 1.45002
Are all boundaries on bbox? true
=================================================================================
Initializing sprocess...time: 0.141979
Interpolating...elapsed time: 0.11
Mechanics:         0s   to         1s   step    :         1s   temp: 26.9C->26.9C
------------------------------------------------------------------- grid -----
grid remesh
------------------------------------------------------------------------------
Generating SnMesh mesh... 
SnMesh time: 0.510923

========================  tri-grid quality (Gas exluded)  ========================
    0  10  20  30  40  50  60  70  80  90 100 110 120 130 140 150 160 170 180
 %    2   4   4   5  17  17   5   5   4  34          .                     
---------------------------------------------------------------------------------
minAngle: 1.1775  maxAngle: 115.986
nVerts = 2862  nTris = 5572  nMats = 3
max connectivity (tris per node): 7
bmin: 1.2 0
bmax: -0.250015 1
min edgeLength: 0.00102771  [near (0.000513853 0.95)]
min volume: 3.21158e-06  max volume: 0.00241535  Total volume: 1.27
bbox  volume: 1.45002
Are all boundaries on bbox? true
=================================================================================
Initializing sprocess...time: 0.138979
Interpolating...elapsed time: 0.1
----------------------------------------------------------------- struct -----
struct tdr= "4_pn_after_metal_depos"
------------------------------------------------------------------------------
Points: 2862
Nodes: 3026
Edges: 8593
Faces: 5572
Volumes: 0

Writing file 4_pn_after_metal_depos_fps.tdr...done.

------------------------------------------------------------------- mask -----
mask name= "contacts_mask1" left= 0.450<um> right= 0.550<um>
------------------------------------------------------------------------------
------------------------------------------------------------------- etch -----
etch time= 1.00<min> mask= "contacts_mask1" rate= {0.0800<um/min>} type= "anisotropic" material= {Aluminum}
------------------------------------------------------------------------------
MGoals time: 0.465929

Updating sprocess mesh before Etch/Depo relax.
Generating SnMesh mesh... 
SnMesh time: 0.508923

========================  tri-grid quality (Gas exluded)  ========================
    0  10  20  30  40  50  60  70  80  90 100 110 120 130 140 150 160 170 180
 %    1   3   3   4  17  17   4   3   3  28          .                     
---------------------------------------------------------------------------------
minAngle: 1.1775  maxAngle: 115.986
nVerts = 2840  nTris = 5530  nMats = 3
max connectivity (tris per node): 7
bmin: 1.2 0
bmax: -0.250015 1
min edgeLength: 0.00102771  [near (0.000513853 0.95)]
min volume: 3.21158e-06  max volume: 0.00241535  Total volume: 1.207
bbox  volume: 1.45002
Are all boundaries on bbox? true
=================================================================================
Initializing sprocess...time: 0.147978
Interpolating...elapsed time: 0.12
Mechanics:         0s   to         1s   step    :         1s   temp: 26.9C->26.9C

------------------------------------------------------------------- grid -----
grid remesh
------------------------------------------------------------------------------
Generating SnMesh mesh... 
SnMesh time: 0.509922

========================  tri-grid quality (Gas exluded)  ========================
    0  10  20  30  40  50  60  70  80  90 100 110 120 130 140 150 160 170 180
 %    1   3   3   4  17  17   4   3   3  28          .                     
---------------------------------------------------------------------------------
minAngle: 1.1775  maxAngle: 115.986
nVerts = 2840  nTris = 5530  nMats = 3
max connectivity (tris per node): 7
bmin: 1.2 0
bmax: -0.250015 1
min edgeLength: 0.00102771  [near (0.000513853 0.95)]
min volume: 3.21158e-06  max volume: 0.00241535  Total volume: 1.207
bbox  volume: 1.45002
Are all boundaries on bbox? true
=================================================================================
Initializing sprocess...time: 0.146978
Interpolating...elapsed time: 0.12
---------------------------------------------------------------- contact -----
contact Aluminum name= "n" adjacent.material= "Ambient" xlo= -0.0710<um> xhi= -0.0690<um> ylo= 0.425<um> yhi= 0.575<um> box
------------------------------------------------------------------------------
---------------------------------------------------------------- contact -----
contact Silicon name= "p" adjacent.material= "Ambient" xlo= 1.19<um> xhi= 1.21<um> ylo= 0.00e+00<um> yhi= 1.00<um> box
------------------------------------------------------------------------------
----------------------------------------------------------------- struct -----
struct tdr= "5_pn_final_structure"
------------------------------------------------------------------------------
Points: 2840
Nodes: 3010
Edges: 8533
Faces: 5530
Volumes: 0

Interpolating...elapsed time: 0.06
Writing file 5_pn_final_structure_fps.tdr...done.

------------------------------------------------------------------------------
Summary:
Anneal time stepping:
  reaction/mechanics steps=25 minimum=1.0000e+38s maximum=1.0000e+38s
  diffusion steps=25 minimum=7.5003e-05s maximum=2.44926s
Edge/Face swapping:
 calls=4 flips=0
------------------------------------------------------------------------------

Elapsed Time:	00:01:20
User Time:	00:01:16
CPU Time:	00:01:13

Detailed CPU time report:

23.50 sec (33.1%) Solver(PDE). (174 calls).
5.54 sec (7.8%) Store nodal values: Serial. (2484 calls).
4.86 sec (6.8%) Diffusion step time. (25 calls).
4.85 sec (6.8%) Serial mode assembly. (276 calls).
4.57 sec (6.4%) SnMesh meshing (11 calls).
4.09 sec (5.8%) Mechanics step (25 calls).
2.89 sec (4.1%) struct command (5 calls).
2.16 sec (3.0%) implant command (226 calls).
1.97 sec (2.8%) reaction command (42 calls).
1.85 sec (2.6%) mgoals (5 calls).
1.77 sec (2.5%) sel command (1174 calls).
1.29 sec (1.8%) Solver(Mechanics) (30 calls).
1.05 sec (1.5%) mater command (5013 calls).
1.01 sec (1.4%) solution command (9074 calls).
0.94 sec (1.3%) grid command (6 calls).
0.92 sec (1.3%) Mechanics assembly (serial mode) (30 calls).
0.87 sec (1.2%) etch command (3 calls).
0.87 sec (1.2%) Total time spent in Symbolic. (2 calls).
0.85 sec (1.2%) term command (989 calls).
0.82 sec (1.2%) Bulk Interpolation (12 calls).
0.79 sec (1.1%) Other Program Parts (1 calls).
0.71 sec (1.0%) Transfer from mesher 1D/2D (11 calls).
0.67 sec (0.9%) FieldServer copy (12 calls).
0.50 sec (0.7%) MakeInterfaces (25 calls).
0.47 sec (0.7%) deposit command (2 calls).

Detailed elapsed time report:

23.52 sec (32.2%) Solver(PDE). (174 calls).
5.57 sec (7.6%) Store nodal values: Serial. (2484 calls).
4.88 sec (6.7%) Diffusion step time. (25 calls).
4.84 sec (6.6%) Serial mode assembly. (276 calls).
4.83 sec (6.6%) struct command (5 calls).
4.57 sec (6.2%) SnMesh meshing (11 calls).
4.11 sec (5.6%) Mechanics step (25 calls).
2.17 sec (3.0%) implant command (226 calls).
1.99 sec (2.7%) reaction command (42 calls).
1.85 sec (2.5%) mgoals (5 calls).
1.77 sec (2.4%) sel command (1174 calls).
1.30 sec (1.8%) Solver(Mechanics) (30 calls).
1.02 sec (1.4%) mater command (5013 calls).
0.99 sec (1.4%) solution command (9074 calls).
0.94 sec (1.3%) grid command (6 calls).
0.92 sec (1.3%) Mechanics assembly (serial mode) (30 calls).
0.88 sec (1.2%) Total time spent in Symbolic. (2 calls).
0.88 sec (1.2%) etch command (3 calls).
0.86 sec (1.2%) term command (989 calls).
0.82 sec (1.1%) Bulk Interpolation (12 calls).
0.78 sec (1.1%) Other Program Parts (1 calls).
0.71 sec (1.0%) Transfer from mesher 1D/2D (11 calls).
0.67 sec (0.9%) FieldServer copy (12 calls).
0.52 sec (0.7%) MakeInterfaces (25 calls).
0.48 sec (0.7%) deposit command (2 calls).


                          [1mSee ya' later Alagator![0m

