****************************************************************************
***                          Sentaurus Process                           ***
***                          Version G-2012.06                           ***
***                         (1.7, amd64, linux)                          ***
***                                                                      ***
***                       Copyright (C) 1993-2002                        ***
***          The board of regents of the University of Florida           ***
***                       Copyright (C) 1994-2012                        ***
***                            Synopsys, Inc.                            ***
***                                                                      ***
***  This software and the associated documentation are confidential     ***
***  and proprietary to Synopsys, Inc.  Your use or disclosure of this   ***
***  software is subject to the terms and conditions of a written        ***
***  license agreement between you, or your company, and Synopsys, Inc.  ***
****************************************************************************

Compiled Mon Apr 30 22:52:45 PDT 2012 on tcadprod5

      Started at: Mon Oct 21 18:02:53 2019 (UTC)
       User name: EE735_6
       Host name: mcl22
             PID: 13480
    Architecture: x86_64
Operating system: Linux rel. 2.6.32-642.13.1.el6.x86_64 ver. #1 SMP Wed Jan 11 20:56:24 UTC 2017

------------------------------------------------------------------------------
Checking syntax of q1.cmd:

Syntax check complete.
------------------------------------------------------------------------------

Starting Tcl interpreter with inputfile: q1.cmd
            sprocess: Checked Out
           Floops-1D: Checked Out

Loading models file: /usr/local/Softwares/Sentaurus/Sentaurus_vG_2012.06/bin/../tcad/current/lib/sprocess-20.0.7/TclLib/SPROCESS.models... done.
------------------------------------------------------------------- line -----
line X location= 0.00e+00<um> spacing= 1.00<nm> tag= "SiTop"
------------------------------------------------------------------------------
------------------------------------------------------------------- line -----
line X location= 50.00<nm> spacing= 10.00<nm>
------------------------------------------------------------------------------
------------------------------------------------------------------- line -----
line X location= 100.00<nm> spacing= 20.00<nm>
------------------------------------------------------------------------------
------------------------------------------------------------------- line -----
line X location= 500.00<nm> spacing= 50.00<nm>
------------------------------------------------------------------------------
------------------------------------------------------------------- line -----
line X location= 1200.00<nm> spacing= 100.00<nm> tag= "SiBottom"
------------------------------------------------------------------------------
------------------------------------------------------------------- line -----
line Y location= 0.00e+00<um> spacing= 50.00<nm> tag= "Left"
------------------------------------------------------------------------------
------------------------------------------------------------------- line -----
line Y location= 1000.00<nm> spacing= 50.00<nm> tag= "Right"
------------------------------------------------------------------------------
----------------------------------------------------------------- region -----
region xlo= "SiTop" xhi= "SiBottom" ylo= "Left" yhi= "Right" Silicon
------------------------------------------------------------------------------
------------------------------------------------------------------- init -----
init concentration= 1.00e+17<cm-3> field= "Boron" wafer.orient= {100.00}
------------------------------------------------------------------------------
          sprocess2d: Checked Out
           Floops-2D: Checked Out

Creating structure...
Recreating refinements to take into account updated simulation dimension.
Done recreating refinements.


Points: 38
Nodes: 38
Edges: 37
Faces: 0
Volumes: 0

----------------------------------------------------------------- mgoals -----
mgoals accuracy= 1.00e-05<um> min.normal.size= 2.00<nm> normal.growth.ratio= 1.40
------------------------------------------------------------------------------
---------------------------------------------------------------- deposit -----
deposit time= 1.00<min> type= "isotropic" rate= {0.150<um/min>} material= {Oxide}
------------------------------------------------------------------------------
MGoals time: 0.093985

Updating sprocess mesh before Etch/Depo relax.
Generating SnMesh mesh... 
SnMesh time: 2.9990e-03

========================  tri-grid quality (Gas exluded)  ========================
    0  10  20  30  40  50  60  70  80  90 100 110 120 130 140 150 160 170 180
 %   26   2                           2  53                                
---------------------------------------------------------------------------------
minAngle: 0.0859913  maxAngle: 90
nVerts = 148  nTris = 146  nMats = 5
max connectivity (tris per node): 3
bmin: 1.2 0
bmax: -0.250015 0.000145002
min edgeLength: 0.000145002  [near (-0.148446 7.25008e-05)]
min volume: 7.45095e-08  max volume: 7.00459e-06  Total volume: 0.000195752
bbox  volume: 0.000210254
Are all boundaries on bbox? true
=================================================================================
Initializing sprocess...time: 0.045993
Interpolating...elapsed time: 0.03
sprocess parallel assembly thread count = 1
sprocess Pardiso thread count = 1
Mechanics:         0s   to         1s   step    :         1s   temp: 26.9C->26.9C
------------------------------------------------------------------- grid -----
grid remesh
------------------------------------------------------------------------------
Generating SnMesh mesh... 
SnMesh time: 2.0000e-03

========================  tri-grid quality (Gas exluded)  ========================
    0  10  20  30  40  50  60  70  80  90 100 110 120 130 140 150 160 170 180
 %   26   2                           2  53                                
---------------------------------------------------------------------------------
minAngle: 0.0859913  maxAngle: 90
nVerts = 148  nTris = 146  nMats = 5
max connectivity (tris per node): 3
bmin: 1.2 0
bmax: -0.250015 0.000145002
min edgeLength: 0.000145002  [near (-0.148446 7.25008e-05)]
min volume: 7.45095e-08  max volume: 7.00459e-06  Total volume: 0.000195752
bbox  volume: 0.000210254
Are all boundaries on bbox? true
=================================================================================
Initializing sprocess...time: 0.046993
Interpolating...elapsed time: 0.02
------------------------------------------------------------------- mask -----
mask name= "implant_mask" segments= {0.00e+00<um> 0.425<um> 0.575<um> 1.00<um>}
------------------------------------------------------------------------------
------------------------------------------------------------------- etch -----
etch time= 1.00<min> mask= "implant_mask" rate= {0.170<um/min>} type= "anisotropic" material= {oxide}
------------------------------------------------------------------------------
Size of simulation domain in Z direction is 0.  Evaluating masks at z==0.0
Increasing dimension 1 -> 2
Creating structure... 
Points: 1554
Nodes: 1638
Edges: 4553
Faces: 2920
Volumes: 0

Copying data...done

Recreating refinements to take into account updated simulation dimension.
Done recreating refinements.

MGoals time: 0.207968

Updating sprocess mesh before Etch/Depo relax.
Generating SnMesh mesh... 
SnMesh time: 0.424935

========================  tri-grid quality (Gas exluded)  ========================
    0  10  20  30  40  50  60  70  80  90 100 110 120 130 140 150 160 170 180
 %    4   5   5   5   5   4   5   5   5  27  .   .                         
---------------------------------------------------------------------------------
minAngle: 1.1775  maxAngle: 109.114
nVerts = 2666  nTris = 5138  nMats = 4
max connectivity (tris per node): 8
bmin: 1.2 0
bmax: -0.250015 1
min edgeLength: 0.00102771  [near (0.000513853 0.95)]
min volume: 1.21225e-06  max volume: 0.00241535  Total volume: 1.3275
bbox  volume: 1.45002
Are all boundaries on bbox? true
=================================================================================
Initializing sprocess...time: 0.134979
Interpolating...elapsed time: 0.1
Mechanics:         0s   to         1s   step    :         1s   temp: 26.9C->26.9C

------------------------------------------------------------------- grid -----
grid remesh
------------------------------------------------------------------------------
Generating SnMesh mesh... 
SnMesh time: 0.431933

========================  tri-grid quality (Gas exluded)  ========================
    0  10  20  30  40  50  60  70  80  90 100 110 120 130 140 150 160 170 180
 %    4   5   5   5   5   4   5   5   5  27  .   .                         
---------------------------------------------------------------------------------
minAngle: 1.1775  maxAngle: 109.114
nVerts = 2666  nTris = 5138  nMats = 4
max connectivity (tris per node): 8
bmin: 1.2 0
bmax: -0.250015 1
min edgeLength: 0.00102771  [near (0.000513853 0.95)]
min volume: 1.21225e-06  max volume: 0.00241535  Total volume: 1.3275
bbox  volume: 1.45002
Are all boundaries on bbox? true
=================================================================================
Initializing sprocess...time: 0.12898
Interpolating...elapsed time: 0.08
----------------------------------------------------------------- struct -----
struct tdr= "1_pn_oxide_etch_before_implant"
------------------------------------------------------------------------------
Points: 2666
Nodes: 2914
Edges: 8043
Faces: 5138
Volumes: 0

Writing file 1_pn_oxide_etch_before_implant_fps.tdr...done.

-------------------------------------------------------------- refinebox -----
refinebox Silicon min= {0.00e+00<um> 0.400<um>} max= {0.200<um> 0.600<um>} xrefine= {0.0100<um> 0.0100<um> 0.0100<um>} yrefine= {0.0100<um> 0.0100<um> 0.0100<um>}
------------------------------------------------------------------------------
------------------------------------------------------------------- grid -----
grid remesh
------------------------------------------------------------------------------
Generating SnMesh mesh... 
SnMesh time: 0.670899

========================  tri-grid quality (Gas exluded)  ========================
    0  10  20  30  40  50  60  70  80  90 100 110 120 130 140 150 160 170 180
 %    3   3   3   3  13  13   3   4   4  28  .   .   .                     
---------------------------------------------------------------------------------
minAngle: 1.1775  maxAngle: 115.986
nVerts = 3913  nTris = 7632  nMats = 4
max connectivity (tris per node): 8
bmin: 1.2 0
bmax: -0.250015 1
min edgeLength: 0.00102771  [near (0.000513853 1)]
min volume: 1.21225e-06  max volume: 0.00241535  Total volume: 1.3275
bbox  volume: 1.45002
Are all boundaries on bbox? true
=================================================================================
Initializing sprocess...time: 0.154976
Interpolating...elapsed time: 0.11
---------------------------------------------------------------- implant -----
implant energy= 10.00<keV> dose= 5.00e+14<cm-2> tilt= 0.00e+00<degree> Phosphorus
------------------------------------------------------------------------------
No substrate defined (implant).  Skip updateStrain.
Species           =  Phosphorus
Dataset           =  Phosphorus
Energy            =  10keV
Dose (WaferDose)  =  5e+14/cm2
BeamDose          =  5e+14/cm2
BeamDose2D        =  5e+14/cm2
Tilt              =   0deg
Tilt2D            =   0deg
Rotation          = 270deg
Slice angle       = -90deg
Temperature       = 300.00K
LeftBoundary      = Extend
RightBoundary     = Extend

Total implant time:    1.92sec
- - - - - - - - - - - - - - - - - - - - - - - - - - - - - - - - - - - - - - - 
Computing finite volumes...done

   Dose in:   Silicon_1   Oxide_1.1   Oxide_1.2       Total
                Silicon       Oxide       Oxide
      Boron  1.2000e+13  0.0000e+00  0.0000e+00  1.2000e+13
 Phosphorus  7.5175e+13  2.1378e+14  2.1443e+14  5.0339e+14
- - - - - - - - - - - - - - - - - - - - - - - - - - - - - - - - - - - - - - - 


No substrate defined (implant).  Skip updateStrain.
---------------------------------------------------------------- diffuse -----
diffuse time= 1.20<s> temperature= 1060.00<C>
------------------------------------------------------------------------------
---- ---- ---- ---- ---- ---- ---- ---- ---- ---- ---- ---- ---- ---- ---- ---
Anneal step:	Time=1.2s, Ramp rate=0C/s, Temperature=1060.0C
Temperature > minT. Diffusion: On   Reaction: Off   Assembly: Serial
Mechanics:         0s   to    0.0001s   step    :    0.0001s   temp: 1060.0C
--- --- --- --- --- --- --- --- --- --- --- --- --- --- --- --- --- --- --- --
Initializing:  
--- --- --- --- --- --- --- --- --- --- --- --- --- --- --- --- --- --- --- --
Initialization is done.
--- --- --- --- --- --- --- --- --- --- --- --- --- --- --- --- --- --- --- --
Diffusion:         0s   to    0.0001s   step (s):    0.0001s   temp: 1060.0C
Mechanics:    0.0001s   to 0.0001648s   step    : 6.481e-05s   temp: 1060.0C
Diffusion:    0.0001s   to 0.0001648s   step (s): 6.481e-05s   temp: 1060.0C
Mechanics: 0.0001648s   to 0.0002595s   step    : 9.466e-05s   temp: 1060.0C
Diffusion: 0.0001648s   to 0.0002595s   step (s): 9.466e-05s   temp: 1060.0C
Mechanics: 0.0002595s   to 0.0004447s   step    : 0.0001853s   temp: 1060.0C
Diffusion: 0.0002595s   to 0.0004447s   step (s): 0.0001853s   temp: 1060.0C
Mechanics: 0.0004447s   to 0.0008152s   step    : 0.0003705s   temp: 1060.0C
Diffusion: 0.0004447s   to 0.0008152s   step (s): 0.0003705s   temp: 1060.0C
Mechanics: 0.0008152s   to  0.001452s   step    : 0.0006371s   temp: 1060.0C
Diffusion: 0.0008152s   to  0.001452s   step (s): 0.0006371s   temp: 1060.0C
Mechanics:  0.001452s   to  0.002234s   step    : 0.0007815s   temp: 1060.0C
Diffusion:  0.001452s   to  0.002234s   step (s): 0.0007815s   temp: 1060.0C
Mechanics:  0.002234s   to  0.003247s   step    :  0.001013s   temp: 1060.0C
Diffusion:  0.002234s   to  0.003247s   step (s):  0.001013s   temp: 1060.0C
Mechanics:  0.003247s   to  0.004715s   step    :  0.001467s   temp: 1060.0C
Diffusion:  0.003247s   to  0.004715s   step (s):  0.001467s   temp: 1060.0C
Mechanics:  0.004715s   to  0.007063s   step    :  0.002348s   temp: 1060.0C
Diffusion:  0.004715s   to  0.007063s   step (s):  0.002348s   temp: 1060.0C
Mechanics:  0.007063s   to   0.01108s   step    :  0.004021s   temp: 1060.0C
Diffusion:  0.007063s   to   0.01108s   step (s):  0.004021s   temp: 1060.0C
Mechanics:   0.01108s   to   0.01684s   step    :  0.005753s   temp: 1060.0C
Diffusion:   0.01108s   to   0.01684s   step (s):  0.005753s   temp: 1060.0C
Mechanics:   0.01684s   to   0.02436s   step    :  0.007522s   temp: 1060.0C
Diffusion:   0.01684s   to   0.02436s   step (s):  0.007522s   temp: 1060.0C
Mechanics:   0.02436s   to   0.03223s   step    :  0.007875s   temp: 1060.0C
Diffusion:   0.02436s   to   0.03223s   step (s):  0.007875s   temp: 1060.0C
Mechanics:   0.03223s   to   0.04301s   step    :   0.01078s   temp: 1060.0C
Diffusion:   0.03223s   to   0.04301s   step (s):   0.01078s   temp: 1060.0C
Mechanics:   0.04301s   to    0.0591s   step    :   0.01609s   temp: 1060.0C
Diffusion:   0.04301s   to    0.0591s   step (s):   0.01609s   temp: 1060.0C
Mechanics:    0.0591s   to   0.07851s   step    :   0.01941s   temp: 1060.0C
Diffusion:    0.0591s   to   0.07851s   step (s):   0.01941s   temp: 1060.0C
Mechanics:   0.07851s   to    0.1037s   step    :   0.02515s   temp: 1060.0C
Diffusion:   0.07851s   to    0.1037s   step (s):   0.02515s   temp: 1060.0C
Mechanics:    0.1037s   to    0.1283s   step    :   0.02461s   temp: 1060.0C
Diffusion:    0.1037s   to    0.1283s   step (s):   0.02461s   temp: 1060.0C
Mechanics:    0.1283s   to    0.1532s   step    :   0.02488s   temp: 1060.0C
Diffusion:    0.1283s   to    0.1532s   step (s):   0.02488s   temp: 1060.0C
Mechanics:    0.1532s   to     0.175s   step    :   0.02187s   temp: 1060.0C
Diffusion:    0.1532s   to     0.175s   step (s):   0.02187s   temp: 1060.0C
Mechanics:     0.175s   to     0.191s   step    :     0.016s   temp: 1060.0C
Diffusion:     0.175s   to     0.191s   step (s):     0.016s   temp: 1060.0C
Mechanics:     0.191s   to     0.209s   step    :     0.018s   temp: 1060.0C
Diffusion:     0.191s   to     0.209s   step (s):     0.018s   temp: 1060.0C
Mechanics:     0.209s   to    0.2273s   step    :    0.0183s   temp: 1060.0C
Diffusion:     0.209s   to    0.2273s   step (s):    0.0183s   temp: 1060.0C
Mechanics:    0.2273s   to    0.2471s   step    :   0.01976s   temp: 1060.0C
Diffusion:    0.2273s   to    0.2471s   step (s):   0.01976s   temp: 1060.0C
Mechanics:    0.2471s   to    0.2691s   step    :     0.022s   temp: 1060.0C
Diffusion:    0.2471s   to    0.2691s   step (s):     0.022s   temp: 1060.0C
Mechanics:    0.2691s   to    0.2991s   step    :      0.03s   temp: 1060.0C
Diffusion:    0.2691s   to    0.2991s   step (s):      0.03s   temp: 1060.0C
Mechanics:    0.2991s   to    0.3591s   step    :   0.05999s   temp: 1060.0C
Diffusion:    0.2991s   to    0.3591s   step (s):   0.05999s   temp: 1060.0C
Mechanics:    0.3591s   to    0.4791s   step    :      0.12s   temp: 1060.0C
Diffusion:    0.3591s   to    0.4791s   step (s):      0.12s   temp: 1060.0C
Mechanics:    0.4791s   to     0.719s   step    :      0.24s   temp: 1060.0C
Diffusion:    0.4791s   to     0.719s   step (s):      0.24s   temp: 1060.0C
Mechanics:     0.719s   to    0.9595s   step    :    0.2405s   temp: 1060.0C
Diffusion:     0.719s   to    0.9595s   step (s):    0.2405s   temp: 1060.0C
Mechanics:    0.9595s   to       1.2s   step    :    0.2405s   temp: 1060.0C
Diffusion:    0.9595s   to       1.2s   step (s):    0.2405s   temp: 1060.0C

Elapsed time for diffuse 70.7s
----------------------------------------------------------------- struct -----
struct tdr= "2_pn_after_implant_diffusion"
------------------------------------------------------------------------------
Points: 3913
Nodes: 4185
Edges: 11808
Faces: 7632
Volumes: 0

Writing file 2_pn_after_implant_diffusion_fps.tdr...done.

------------------------------------------------------------------- etch -----
etch time= 1.00<min> rate= {0.170<um/min>} type= "isotropic" material= {Oxide}
------------------------------------------------------------------------------
MGoals time: 0.619905

Updating sprocess mesh before Etch/Depo relax.
Generating SnMesh mesh... 
SnMesh time: 0.505923

========================  tri-grid quality (Gas exluded)  ========================
    0  10  20  30  40  50  60  70  80  90 100 110 120 130 140 150 160 170 180
 %    1   3   2   3  17  17   3   2   3  27                                
---------------------------------------------------------------------------------
minAngle: 1.1775  maxAngle: 90
nVerts = 2835  nTris = 5520  nMats = 2
max connectivity (tris per node): 7
bmin: 1.2 0
bmax: -0.250015 1
min edgeLength: 0.00102771  [near (0.000513853 0.95)]
min volume: 3.21158e-06  max volume: 0.00241535  Total volume: 1.2
bbox  volume: 1.45002
Are all boundaries on bbox? true
=================================================================================
Initializing sprocess...time: 0.112983
Interpolating...elapsed time: 0.12
Mechanics:         0s   to         1s   step    :         1s   temp: 26.9C->26.9C

------------------------------------------------------------------- grid -----
grid remesh
------------------------------------------------------------------------------
Generating SnMesh mesh... 
SnMesh time: 0.506923

========================  tri-grid quality (Gas exluded)  ========================
    0  10  20  30  40  50  60  70  80  90 100 110 120 130 140 150 160 170 180
 %    1   3   2   3  17  17   3   2   3  27                                
---------------------------------------------------------------------------------
minAngle: 1.1775  maxAngle: 90
nVerts = 2835  nTris = 5520  nMats = 2
max connectivity (tris per node): 7
bmin: 1.2 0
bmax: -0.250015 1
min edgeLength: 0.00102771  [near (0.000513853 0.95)]
min volume: 3.21158e-06  max volume: 0.00241535  Total volume: 1.2
bbox  volume: 1.45002
Are all boundaries on bbox? true
=================================================================================
Initializing sprocess...time: 0.103984
Interpolating...elapsed time: 0.08
----------------------------------------------------------------- struct -----
struct tdr= "3_pn_after_imp_diff_oxide_etch"
------------------------------------------------------------------------------
Points: 2835
Nodes: 2945
Edges: 8462
Faces: 5520
Volumes: 0

Writing file 3_pn_after_imp_diff_oxide_etch_fps.tdr...done.

---------------------------------------------------------------- deposit -----
deposit time= 1.00<min> type= "isotropic" rate= {0.0700<um/min>} material= {Aluminum}
------------------------------------------------------------------------------
MGoals time: 0.421935

Updating sprocess mesh before Etch/Depo relax.
Generating SnMesh mesh... 
SnMesh time: 0.52792

========================  tri-grid quality (Gas exluded)  ========================
    0  10  20  30  40  50  60  70  80  90 100 110 120 130 140 150 160 170 180
 %    2   4   4   5  17  17   5   5   4  34          .                     
---------------------------------------------------------------------------------
minAngle: 1.1775  maxAngle: 115.986
nVerts = 2862  nTris = 5572  nMats = 3
max connectivity (tris per node): 7
bmin: 1.2 0
bmax: -0.250015 1
min edgeLength: 0.00102771  [near (0.000513853 0.95)]
min volume: 3.21158e-06  max volume: 0.00241535  Total volume: 1.27
bbox  volume: 1.45002
Are all boundaries on bbox? true
=================================================================================
Initializing sprocess...time: 0.139979
Interpolating...elapsed time: 0.11
Mechanics:         0s   to         1s   step    :         1s   temp: 26.9C->26.9C
------------------------------------------------------------------- grid -----
grid remesh
------------------------------------------------------------------------------
Generating SnMesh mesh... 
SnMesh time: 0.52392

========================  tri-grid quality (Gas exluded)  ========================
    0  10  20  30  40  50  60  70  80  90 100 110 120 130 140 150 160 170 180
 %    2   4   4   5  17  17   5   5   4  34          .                     
---------------------------------------------------------------------------------
minAngle: 1.1775  maxAngle: 115.986
nVerts = 2862  nTris = 5572  nMats = 3
max connectivity (tris per node): 7
bmin: 1.2 0
bmax: -0.250015 1
min edgeLength: 0.00102771  [near (0.000513853 0.95)]
min volume: 3.21158e-06  max volume: 0.00241535  Total volume: 1.27
bbox  volume: 1.45002
Are all boundaries on bbox? true
=================================================================================
Initializing sprocess...time: 0.139978
Interpolating...elapsed time: 0.11
----------------------------------------------------------------- struct -----
struct tdr= "4_pn_after_metal_depos"
------------------------------------------------------------------------------
Points: 2862
Nodes: 3026
Edges: 8593
Faces: 5572
Volumes: 0

Writing file 4_pn_after_metal_depos_fps.tdr...done.

------------------------------------------------------------------- mask -----
mask name= "contacts_mask1" left= 0.425<um> right= 0.575<um>
------------------------------------------------------------------------------
------------------------------------------------------------------- etch -----
etch time= 1.00<min> mask= "contacts_mask1" rate= {0.0800<um/min>} type= "anisotropic" material= {Aluminum}
------------------------------------------------------------------------------
MGoals time: 0.46493

Updating sprocess mesh before Etch/Depo relax.
Generating SnMesh mesh... 
SnMesh time: 0.514922

========================  tri-grid quality (Gas exluded)  ========================
    0  10  20  30  40  50  60  70  80  90 100 110 120 130 140 150 160 170 180
 %    1   3   3   4  17  17   4   4   3  29          .                     
---------------------------------------------------------------------------------
minAngle: 1.1775  maxAngle: 115.986
nVerts = 2842  nTris = 5534  nMats = 3
max connectivity (tris per node): 7
bmin: 1.2 0
bmax: -0.250015 1
min edgeLength: 0.00102771  [near (0.000513853 0.95)]
min volume: 3.21158e-06  max volume: 0.00241535  Total volume: 1.2105
bbox  volume: 1.45002
Are all boundaries on bbox? true
=================================================================================
Initializing sprocess...time: 0.146978
Interpolating...elapsed time: 0.12
Mechanics:         0s   to         1s   step    :         1s   temp: 26.9C->26.9C

------------------------------------------------------------------- grid -----
grid remesh
------------------------------------------------------------------------------
Generating SnMesh mesh... 
SnMesh time: 0.531919

========================  tri-grid quality (Gas exluded)  ========================
    0  10  20  30  40  50  60  70  80  90 100 110 120 130 140 150 160 170 180
 %    1   3   3   4  17  17   4   4   3  29          .                     
---------------------------------------------------------------------------------
minAngle: 1.1775  maxAngle: 115.986
nVerts = 2842  nTris = 5534  nMats = 3
max connectivity (tris per node): 7
bmin: 1.2 0
bmax: -0.250015 1
min edgeLength: 0.00102771  [near (0.000513853 0.95)]
min volume: 3.21158e-06  max volume: 0.00241535  Total volume: 1.2105
bbox  volume: 1.45002
Are all boundaries on bbox? true
=================================================================================
Initializing sprocess...time: 0.148977
Interpolating...elapsed time: 0.12
---------------------------------------------------------------- contact -----
contact Aluminum name= "n" adjacent.material= "Ambient" xlo= -0.0710<um> xhi= -0.0690<um> ylo= 0.425<um> yhi= 0.575<um> box
------------------------------------------------------------------------------
---------------------------------------------------------------- contact -----
contact Silicon name= "p" adjacent.material= "Ambient" xlo= 1.19<um> xhi= 1.21<um> ylo= 0.00e+00<um> yhi= 1.00<um> box
------------------------------------------------------------------------------
----------------------------------------------------------------- struct -----
struct tdr= "5_pn_final_structure"
------------------------------------------------------------------------------
Points: 2842
Nodes: 3016
Edges: 8543
Faces: 5534
Volumes: 0

Interpolating...elapsed time: 0.07
Writing file 5_pn_final_structure_fps.tdr...done.

------------------------------------------------------------------------------
Summary:
Anneal time stepping:
  reaction/mechanics steps=32 minimum=1.0000e+38s maximum=1.0000e+38s
  diffusion steps=32 minimum=6.4809e-05s maximum=0.240489s
Edge/Face swapping:
 calls=4 flips=0
------------------------------------------------------------------------------

Elapsed Time:	00:01:41
User Time:	00:01:39
CPU Time:	00:01:34

Detailed CPU time report:

37.45 sec (39.9%) Solver(PDE). (324 calls).
8.31 sec (8.9%) Store nodal values: Serial. (4095 calls).
7.06 sec (7.5%) Serial mode assembly. (455 calls).
6.20 sec (6.6%) Diffusion step time. (32 calls).
5.69 sec (6.1%) Mechanics step (32 calls).
4.62 sec (4.9%) SnMesh meshing (11 calls).
2.86 sec (3.0%) implant command (226 calls).
2.83 sec (3.0%) struct command (5 calls).
1.92 sec (2.0%) reaction command (42 calls).
1.81 sec (1.9%) mgoals (5 calls).
1.76 sec (1.9%) sel command (1174 calls).
1.51 sec (1.6%) Solver(Mechanics) (37 calls).
1.08 sec (1.1%) Mechanics assembly (serial mode) (37 calls).
1.01 sec (1.1%) mater command (5013 calls).
0.99 sec (1.1%) solution command (9074 calls).
0.95 sec (1.0%) grid command (6 calls).
0.86 sec (0.9%) term command (989 calls).
0.86 sec (0.9%) Total time spent in Symbolic. (2 calls).
0.86 sec (0.9%) etch command (3 calls).
0.82 sec (0.9%) Bulk Interpolation (12 calls).
0.76 sec (0.8%) Other Program Parts (1 calls).
0.71 sec (0.8%) Transfer from mesher 1D/2D (11 calls).
0.68 sec (0.7%) FieldServer copy (12 calls).
0.52 sec (0.6%) MakeInterfaces (25 calls).
0.51 sec (0.5%) deposit command (2 calls).

Detailed elapsed time report:

37.50 sec (39.4%) Solver(PDE). (324 calls).
8.33 sec (8.8%) Store nodal values: Serial. (4095 calls).
7.06 sec (7.4%) Serial mode assembly. (455 calls).
6.21 sec (6.5%) Diffusion step time. (32 calls).
5.70 sec (6.0%) Mechanics step (32 calls).
4.62 sec (4.9%) SnMesh meshing (11 calls).
3.78 sec (4.0%) struct command (5 calls).
2.87 sec (3.0%) implant command (226 calls).
1.94 sec (2.0%) reaction command (42 calls).
1.81 sec (1.9%) mgoals (5 calls).
1.77 sec (1.9%) sel command (1174 calls).
1.52 sec (1.6%) Solver(Mechanics) (37 calls).
1.08 sec (1.1%) Mechanics assembly (serial mode) (37 calls).
1.01 sec (1.1%) mater command (5013 calls).
1.00 sec (1.1%) solution command (9074 calls).
0.96 sec (1.0%) grid command (6 calls).
0.86 sec (0.9%) Total time spent in Symbolic. (2 calls).
0.86 sec (0.9%) etch command (3 calls).
0.86 sec (0.9%) term command (989 calls).
0.82 sec (0.9%) Bulk Interpolation (12 calls).
0.75 sec (0.8%) Other Program Parts (1 calls).
0.71 sec (0.8%) Transfer from mesher 1D/2D (11 calls).
0.68 sec (0.7%) FieldServer copy (12 calls).
0.52 sec (0.5%) MakeInterfaces (25 calls).
0.51 sec (0.5%) deposit command (2 calls).


                          [1mSee ya' later Alagator![0m

