
Begin of pVA compiling on Thu Nov  7 18:17:20 2019	GTM/In-use: 0.2500/0.1967 MB

Parsing 'q3.va'
Parsing include file '/usr/local/Software/Hspice/hspice/P-2019.06-SP1-1/hspice/include/disciplines.vams'
Parsing include file '/usr/local/Software/Hspice/hspice/P-2019.06-SP1-1/hspice/include/constants.vams'

End of pVA compiling on Thu Nov  7 18:17:20 2019	GTM/In-use: 0.3750/0.2989 MB


End of build pVA DB on Thu Nov  7 18:17:20 2019	GTM/In-use: 1.5000/1.4426 MB

*pvaI* Module (simple_mos): 4 unexpanded port, 0 init, 5 behav, 2 contrib, 49/3 expr(s)
*pvaI*        Has DIS(ST), 0/0 afCount, 0 MT, dlg, IO(0/0/1/0)
*pvaI*        0 gmdIsThreadSafe (ST)
*pvaI*        0 const-G and 0 const-C, Has switchBranch, 22 bypassOpt, 0 bus2scalar, 0 vwb
*pvaI*        set_va_exp = 80 [80.0, 704.0] set by default
*pvaW*        variable 'P_EPS' declared but not used in RHS, deleted (q3.va:20)
*pvaW*                   To relax this rule, use 'setenv PVA_KEEP_VARS 1' to keep variables for probing.
*pvaW*        variable 'PHI' declared but not used in RHS, deleted (q3.va:22)
*pvaW*        variable 'COX' declared but not used in RHS, deleted (q3.va:22)
*pvaI*        port 'b' at 4 declared, but not used
*pvaI*        generated 0 flow node(s) during compilation.

End of pVA genC on Thu Nov  7 18:17:21 2019	GTM/In-use: 1.8750/1.7018 MB

*pvaI* #### Total 431 line-size(s), 49/3 expr(s), 2 contr(s), 0 init(s), 5 behav(s), 4 port(s)

Generating q3.pvadir/pvaRTL_linux64.so


End of submitting pVA q3.pvadir/pvaRTL.mak on Thu Nov  7 18:17:21 2019	GTM/In-use: 1.8750/1.7019 MB


End of pVA elaboration on Thu Nov  7 18:17:21 2019	GTM/In-use: 1.8750/1.4509 MB

