****************************************************************************
***                            Sentaurus Mesh                            ***
***                          Version G-2012.06                           ***
***                         (1.5, amd64, linux)                          ***
***                                                                      ***
***                       Copyright (C) 2005-2012                        ***
***                            Synopsys, Inc.                          ***
***                                                                      ***
***  This software and the associated documentation are confidential     ***
***  and proprietary to Synopsys, Inc.  Your use or disclosure of this   ***
***  software is subject to the terms and conditions of a written        ***
***  license agreement between you, or your company, and Synopsys, Inc.  ***
****************************************************************************

Compiled Fri Apr 13 01:01:31 PDT 2012 on: tcadprod5
Running on: mcl21
Process ID: 1318

Flags used: -a -c boxmethod

** Generating 2d grid **

Creating binary tree...done.
Imprinting binary tree on the boundary...done.
Optimizing boundary nodes...done.

Number of vertices after binary tree generation : 
  495 (tree) + 124 (boundary)

** Delaunizing the mesh **

Creating delaunizer input...done.
Solving edges...done 
Optimizing elements...done. (499 vertices)
Fixing diagonals...done.

The final mesh has: 
     495 points.
     864 elements.
       3 regions.
Max. connectivity = 6 located at (0.0390625;0.375)


==============================  tri-grid quality  ================================
    0  10  20  30  40  50  60  70  80  90 100 110 120 130 140 150 160 170 180
 %       19  15                  15  19  33                                
---------------------------------------------------------------------------------
minAngle: 5.94686  maxAngle: 90
nVerts = 495  nTris = 864  nMats = 1
max connectivity (tris per node): 6
bmin: -0 -0
bmax: 5 3
min edgeLength: 0.0390625  [near (0.0195312 0.375)]
min volume: 0.00732422  max volume: 0.0292969  Total volume: 15
bbox  volume: 15
Are all boundaries on bbox? true
=================================================================================
Interpolating data...done.
done.
Saving file q1_msh.tdr...done.
