****************************************************************************
***                           Sentaurus Device                           ***
***                          Version G-2012.06                           ***
***                         (1.5, amd64, linux)                          ***
***                                                                      ***
***                       Copyright (C) 1994-2012                        ***
***                            Synopsys, Inc.                            ***
***                                                                      ***
***  This software and the associated documentation are confidential     ***
***  and proprietary to Synopsys, Inc.  Your use or disclosure of this   ***
***  software is subject to the terms and conditions of a written        ***
***  license agreement between you, or your company, and Synopsys, Inc.  ***
****************************************************************************

	Running on machine with the following configuration:
	Host Name: mcl22
	Operating System: Linux rel. 2.6.32-642.13.1.el6.x86_64 ver. #1 SMP Wed Jan 11 20:56:24 UTC 2017
	Machine Type: x86_64
	Process ID: 14854
	Number of processors: 16
	Domain Name: MCL-LAB
	Date: Thu Oct 17 20:53:28 2019  (IST)

Thu Oct 17 20:53:28 2019: checked out 1 Dessis license(s)
Thu Oct 17 20:53:28 2019: checked out 1 sdevice license(s)
Parsing circuit file /usr/local/Softwares/Sentaurus/Sentaurus_vG_2012.06/bin/../tcad/current/amd64/lib/sdevice/sd_hb_sRL.ccf
Parsing circuit file /usr/local/Softwares/Sentaurus/Sentaurus_vG_2012.06/bin/../tcad/current/amd64/lib/sdevice/sd_hb_isource2.ccf
Parsing circuit file /usr/local/Softwares/Sentaurus/Sentaurus_vG_2012.06/bin/../tcad/current/amd64/lib/sdevice/sd_hb_isource.ccf
Parsing circuit file /usr/local/Softwares/Sentaurus/Sentaurus_vG_2012.06/bin/../tcad/current/amd64/lib/sdevice/sd_SRL1.ccf
Parsing circuit file /usr/local/Softwares/Sentaurus/Sentaurus_vG_2012.06/bin/../tcad/current/amd64/lib/sdevice/sd_hb_pGC.ccf
Parsing circuit file /usr/local/Softwares/Sentaurus/Sentaurus_vG_2012.06/bin/../tcad/current/amd64/lib/sdevice/sd_hb_vsource.ccf
Parsing circuit file /usr/local/Softwares/Sentaurus/Sentaurus_vG_2012.06/bin/../tcad/current/amd64/lib/sdevice/sd_hb_vsource2.ccf
Parsing circuit file /usr/local/Softwares/Sentaurus/Sentaurus_vG_2012.06/bin/../tcad/current/amd64/lib/sdevice/bs_psource.ccf
Parsing circuit file /usr/local/Softwares/Sentaurus/Sentaurus_vG_2012.06/bin/../tcad/current/amd64/lib/scm/MOS_harness.ccf
Loading shared object file /usr/local/Softwares/Sentaurus/Sentaurus_vG_2012.06/bin/../tcad/current/amd64/lib/scm/MOS_harness.so.amd64
Loading shared object file /usr/local/Softwares/Sentaurus/Sentaurus_vG_2012.06/bin/../tcad/current/amd64/lib/sdevice/bs_psource.so.amd64
Loading shared object file /usr/local/Softwares/Sentaurus/Sentaurus_vG_2012.06/bin/../tcad/current/amd64/lib/sdevice/sd_hb_vsource2.so.amd64
Loading shared object file /usr/local/Softwares/Sentaurus/Sentaurus_vG_2012.06/bin/../tcad/current/amd64/lib/sdevice/sd_hb_vsource.so.amd64
Loading shared object file /usr/local/Softwares/Sentaurus/Sentaurus_vG_2012.06/bin/../tcad/current/amd64/lib/sdevice/sd_hb_pGC.so.amd64
Loading shared object file /usr/local/Softwares/Sentaurus/Sentaurus_vG_2012.06/bin/../tcad/current/amd64/lib/sdevice/sd_SRL1.so.amd64
Loading shared object file /usr/local/Softwares/Sentaurus/Sentaurus_vG_2012.06/bin/../tcad/current/amd64/lib/sdevice/sd_hb_isource.so.amd64
Loading shared object file /usr/local/Softwares/Sentaurus/Sentaurus_vG_2012.06/bin/../tcad/current/amd64/lib/sdevice/sd_hb_isource2.so.amd64
Loading shared object file /usr/local/Softwares/Sentaurus/Sentaurus_vG_2012.06/bin/../tcad/current/amd64/lib/sdevice/sd_hb_sRL.so.amd64

Input source: q1_sdevice.cmd

===============================

Output file: MIM_output_eg_dd.log_des.log


GlobalParameter {
}
no ACExtract file

PMIPath file: /usr/local/Softwares/Sentaurus/Sentaurus_vG_2012.06/bin/../tcad/current/amd64/lib/sdevice-20.0.5 /usr/local/Softwares/Sentaurus/Sentaurus_vG_2012.06/bin/../tcad/current/amd64/lib/sdevice

CMIPath file: /usr/local/Softwares/Sentaurus/Sentaurus_vG_2012.06/bin/../tcad/current/amd64/lib/sdevice /usr/local/Softwares/Sentaurus/Sentaurus_vG_2012.06/bin/../tcad/current/amd64/lib/scm

SPICEPath file: /usr/local/Softwares/Sentaurus/Sentaurus_vG_2012.06/bin/../tcad/current/lib/sdevice-20.0.5/spice

no DevicePath file

no CIRCUITSAVENAME file

no CIRCUITLOADNAME file

Numerical parameters:
  Absolute error : 
    Poisson : 1.0000e-03
    Electron : 1.0000e-05
    Hole : 1.0000e-05
    Photon-Rate-Equation : 1.0000e-07
    Photon-Phase-Equation : 1.0000e-05
    Rate-Stabilize-Equation : 1.0000e-07
    QW-Scattering-Equations : 1.0000e-05
    QW-eScattering-Equation : 1.0000e-05
    QW-hScattering-Equation : 1.0000e-05
    Optical Problem : 1.0000e-03
    Wavelength : 1.0000e-03
    Bandstructure : 1.0000e-03
    EmissionTable : 1.0000e-03
    DephasingRates : 1.0000e-03
    Photon Recycling : 1.0000e-03
    Electron-Temperature : 1.0000e-04
    Hole-Temperature : 1.0000e-04
    Lattice-Hole-Electron-Temperature : 1.0000e-03
    Circuit : 1.0000e-03
    TCircuit : 1.0000e-03
    Contact : 1.0000e-03
    TContact : 1.0000e-03
    Continuation : 1.0000e-03
    eLaplace : 1.0000e-03
    hLaplace : 1.0000e-03
    tLaplace : 1.0000e-03
    MonteCarlo : 1.0000e-03
    MCPoissonPDE : 1.0000e-03
    eQuantumPotential : 1.0000e-03
    hQuantumPotential : 1.0000e-03
    quasi-fermi-potential : 1.0000e-03
    ConductiveInsulator : 1.0000e-03
    ContactAndConductiveInsulator : 1.0000e-03
    SingletExciton : 1.0000e-05
    eHopping : 1.0000e-03
    hHopping : 1.0000e-03
    HydrogenAtom : 1.0000e-03
    HydrogenMolecule : 1.0000e-03
    HydrogenIon : 1.0000e-03
    HydrogenSiliconBondOccupation : 1.0000e-03
    eSHEDistribution : 1.0000e-03
    hSHEDistribution : 1.0000e-03
  RelErrControl (Reference error): 
    Poisson : 0.025852
    Electron : 1.0000e+10
    Hole : 1.0000e+10
    Photon-Rate-Equation : 1.0000e-07
    Photon-Phase-Equation : 1
    Rate-Stabilize-Equation : 1.0000e-07
    QW-Scattering-Equations : 1.0000e+10
    QW-eScattering-Equation : 1.0000e+10
    QW-hScattering-Equation : 1.0000e+10
    Optical Problem : 1
    Wavelength : 1
    Bandstructure : 1
    EmissionTable : 1
    DephasingRates : 1
    Photon Recycling : 1
    Electron-Temperature : 3.0000e+02
    Hole-Temperature : 3.0000e+02
    Lattice-Hole-Electron-Temperature : 3.0000e+02
    Circuit : 1
    TCircuit : 1
    Contact : 0.025852
    TContact : 1
    Continuation : 1
    eLaplace : 1
    hLaplace : 1
    tLaplace : 1
    MonteCarlo : 1
    MCPoissonPDE : 1
    eQuantumPotential : 0.025852
    hQuantumPotential : 0.025852
    quasi-fermi-potential : 0.025852
    ConductiveInsulator : 1
    ContactAndConductiveInsulator : 1
    SingletExciton : 1.0000e+10
    eHopping : 0.025852
    hHopping : 0.025852
    HydrogenAtom : 1.0000e+10
    HydrogenMolecule : 1.0000e+10
    HydrogenIon : 1.0000e+10
    HydrogenSiliconBondOccupation : 1
    eSHEDistribution : 0.025852
    hSHEDistribution : 0.025852
  Relative error : 5 digits
  Without checked transient error
  Max. #iterations : 50
  LineSearchDamping=1
  #undamped iterations : 1000
  No incomplete Newton
  transient method : TR-BDF
  Linear solver : blocked decomposition
  Linear solver for AC analysis : blocked decomposition
  Linear solver for SHEDistribution Model : Super
  use linear extrapolation in transient/quasistationary computations
  use complex supernodal in ac-analysis (if possible)
  do not use smoothed PDE's in transient/quasistationary computations
  Harmonic balance (HB) specifications:
    Do not use MDFT mode in HB (i.e. one-tone and time domain assembly).
    Do not use in HB the logarithm of densities.
    No SolveSpectrum entries are specified.
    Plot HB results for time domain interval (0.0000e+00 , 0.0000e+00) using 0 intervals.
    HB Newton scaling parameters for rhs and update:
      Equation                         :  RhsScale  : UpdateScale
      Poisson                          :   1.00E+00 :   1.00E+00 
      Electron                         :   1.00E-05 :   1.00E+00 
      Hole                             :   1.00E-05 :   1.00E+00 
      Photon-Rate-Equation             :   1.00E-05 :   1.00E+00 
      Photon-Phase-Equation            :   1.00E+00 :   1.00E+00 
      Rate-Stabilize-Equation          :   1.00E+00 :   1.00E+00 
      QW-Scattering-Equations          :   1.00E-05 :   1.00E+00 
      QW-eScattering-Equation          :   1.00E-05 :   1.00E+00 
      QW-hScattering-Equation          :   1.00E-05 :   1.00E+00 
      Optical Problem                  :   1.00E+00 :   1.00E+00 
      Wavelength                       :   1.00E+00 :   1.00E+00 
      Bandstructure                    :   1.00E+00 :   1.00E+00 
      EmissionTable                    :   1.00E+00 :   1.00E+00 
      DephasingRates                   :   1.00E+00 :   1.00E+00 
      Photon Recycling                 :   1.00E+00 :   1.00E+00 
      Electron-Temperature             :   1.00E+00 :   1.00E+00 
      Hole-Temperature                 :   1.00E+00 :   1.00E+00 
      Lattice-Hole-Electron-Temperature:   1.00E+00 :   1.00E+00 
      Circuit                          :   1.00E-05 :   1.00E+00 
      TCircuit                         :   1.00E+00 :   1.00E+00 
      Contact                          :   1.00E-05 :   1.00E+00 
      TContact                         :   1.00E+00 :   1.00E+00 
      Continuation                     :   1.00E+00 :   1.00E+00 
      eLaplace                         :   1.00E+00 :   1.00E+00 
      hLaplace                         :   1.00E+00 :   1.00E+00 
      tLaplace                         :   1.00E+00 :   1.00E+00 
      MonteCarlo                       :   1.00E+00 :   1.00E+00 
      MCPoissonPDE                     :   1.00E+00 :   1.00E+00 
      eQuantumPotential                :   1.00E+00 :   1.00E+00 
      hQuantumPotential                :   1.00E+00 :   1.00E+00 
      quasi-fermi-potential            :   1.00E+00 :   1.00E+00 
      ConductiveInsulator              :   1.00E+00 :   1.00E+00 
      ContactAndConductiveInsulator    :   1.00E+00 :   1.00E+00 
      SingletExciton                   :   1.00E+00 :   1.00E+00 
      eHopping                         :   1.00E+00 :   1.00E+00 
      hHopping                         :   1.00E+00 :   1.00E+00 
      HydrogenAtom                     :   1.00E+00 :   1.00E+00 
      HydrogenMolecule                 :   1.00E+00 :   1.00E+00 
      HydrogenIon                      :   1.00E+00 :   1.00E+00 
      HydrogenSiliconBondOccupation    :   1.00E+00 :   1.00E+00 
      eSHEDistribution                 :   1.00E+00 :   1.00E+00 
      hSHEDistribution                 :   1.00E+00 :   1.00E+00 
    HB Newton correction parameters for values:
      Equation                         :     Min    :  Variation 
      Electron                         :   1.00E-20 :   1.00E+18 
      Hole                             :   1.00E-20 :   1.00E+18 
      Photon-Rate-Equation             :   0.00E+00 :   1.00E+18 
      QW-eScattering-Equation          :   1.00E-20 :   1.00E+18 
      QW-hScattering-Equation          :   1.00E-20 :   1.00E+18 
      Electron-Temperature             :   1.00E+02 :   1.00E+18 
      Hole-Temperature                 :   1.00E+02 :   1.00E+18 
      Lattice-Hole-Electron-Temperature:   1.00E+02 :   1.00E+18 
    
    Traps are solved by decoupled mode.
  use automatic coupling of contact/circuit stuff
  Spice temperature: 3.0015e+02
  Spice nominal temperature of parameter measurements: 3.0015e+02
  Spice minimum conductance gmin: 1.0000e-12
  Mininum |rhs| : 1.0000e-05
  Maximum |rhs| : 1.0000e+15
  Maximum |rhs| factor : 1.0000e+10
  Lattice Temperature Range : (50,5.0000e+03)
  Carrier Temperature Range : (10,8.0000e+04)
  Simplified first order SHE of BTE will be solved
  SHERefinementCutoff : 20
  No user dependencies.
  Number of assembly threads: 1 (default)
  Number of solver threads: 1 (OMP_NUM_THREADS)
  Thread stacksize: 1000000 bytes (default)
  Go serial if not enough parallel licenses are available.

Default device parameters:
  Electrodes:
    "n1contact" : 0.0000e+00 V (Ohmic), area factor : 1
    "n2contact" : 0.0000e+00 V (Ohmic), area factor : 1
  Files:
    no Boundary file
    Grid file: q1_msh.tdr
    no Doping file
    no MobilityDoping file
    no Load file
    no Save file
    Plot file: MIM_plot_eg_dd.dat
    no DevFieldsName file
    no Path file
    no optical-Generation file
    no Lifetime file
    no Temperature file
    Current file: MIM_current_eg_dd.plt
    no PMIUserFields file
    no Extraction file
    ModelParameters file: models.par
    no Piezo file
    no ModeGain file
    no Optical emission table for stimulated emission file
    no Optical emission table for spontaneous emission file
    no Optical emission table for photon phase change coefficient file
    no EmissionTable file
    no DephasingRates file
    no ASESpectrum file
    no OpticalFarField file
    no OpticalIntensityPattern file
    no SaveOpticalIntensityPattern file
    no OpticalXYAnglePattern file
    no SaveOpticalXYAnglePattern file
    no MonteCarloInput file
    no MonteCarloOutput file
    no ACPlot file
-----------------------------------------------
  Numerical parameters:
    With exact derivatives
    With avalanche derivatives
    Using old wavelength search algorithm
    Do not reinitialize quasi Fermi potentials in quasi-stationary simulations
    Ignore ionization integral constraints
    Without SRH per potential 
    Without CDL per potential 
    Without diagonal preconditioning
    With Scharfetter-Gummel Discretization
    Relative error : 5 digits
    Delta for numerical tunnelling derivatives : 1.0000e-03
    Do not compute breakdown paths and ionization integrals
    QuasiFermiPotential is used for Contact Equation
-----------------------------------------------
-----------------------------------------------
  Physical models:
    Without incomplete ionization
    Use Si parameters
    TATNonlocalPathNC = 0.0000e+00
    With SRH-Recombination
      Without field dependent lifetimes
      Without doping dependent lifetimes
      Without temperature dependent lifetimes
    Without CDL-Recombination
    With optical generation computation 
    Without Band-to-Band-Tunneling
    With Auger-Recombination (without Generation)
    Without Radiative Recombination
    Without Surface-Recombination
    Without Trap-Assisted-Auger-Recombination
    PMI recombination models: none
  Without thermal resistance interfaces
  Without Piezo
  Without Anisotropic Material Properties
  Without Avalanche-Generation 
  Without Alpha Particle
  Without Heavy Ion
  Without polarization
  Volume charge density: 0.0000e+00 cm^-3
  Device Temperature = 3.0000e+02 K
  Electron Quasi Fermi Potential: 0.0000e+00 V
  Hole Quasi Fermi Potential: 0.0000e+00 V
  Without MagneticField
  With SingletExciton Barrier Type
  Intrinsic density models:
    default bandgap model
    Bandgap narrowing model: Slotboom with bandgap narrowing (no Fermi)
  default affinity model
  default effective mass model
  Electron mobility:
    no Doping dependence (using constant mobility)
    no Carrier-Carrier scattering
    no E_normal dependence
    Without ThinLayer mobility model
    no high-field saturation
    Einstein relation for diffusivity-mobility ratio.
  Hole mobility:
    no Doping dependence (using constant mobility)
    no Carrier-Carrier scattering
    no E_normal dependence
    Without ThinLayer mobility model
    no high-field saturation
    Einstein relation for diffusivity-mobility ratio.
  Energy relaxation time model: according to formula in parameter file
  Lattice thermal conductivity model: according to formula in parameter file
  Metal Resistivity model: according to formula in parameter file
  Thermo Electric Power model: extraploted Si data
  Metal Thermo Electric Power model: MetalThermoElectricPower model not defined
  Lattice heat capacity model: temperature dependent
  no piezoelectric polarization model
  Without default parameters from file (use built-in default parameters)
-----------------------------------------------
Process information for extraction purposes:
  none
Plot variables:
  DopingConcentration
  DonorConcentration
  AcceptorConcentration
  BandGap
  BandgapNarrowing
  ElectronAffinity
  ConductionBandEnergy
  ValenceBandEnergy
  eQuasiFermiEnergy
  hQuasiFermiEnergy
  eDensity
  hDensity
  EffectiveIntrinsicDensity
  IntrinsicDensity
  ElectricField/Vector
  ElectrostaticPotential
  eMobility
  hMobility
  SRHRecombination
  AugerRecombination
  TotalRecombination
  SurfaceRecombination

------------------------------------------------
NoisePlot variables:
  none
Plot groups:
  none

------------------------------------------------
CurrentPlot variables:
  none
Devices:
Systems:
Solve :
 Poisson
Coupled ( Digits : 5, Max. #iterations : 50, 
    Solver : blocked decomposition,
    #undamped iterations : 1000 
)
    { Poisson Electron Hole } 
Plot( FilePrefix = "0.0V_neg_dd" overwrite )
  { }
Quasistationary ( Digits : 5, Max. #iterations : 50, 
      Initial step in t : 0.05, 
      Minimum step in t : 1.0000e-04, Maximum step in t : 0.1, 
      Increment : 2, Decrement : 2, 
      Goal values :
        Contact n2contact : 0.01V
    )
  {
    Coupled ( Digits : 5, Max. #iterations : 50, 
        Solver : blocked decomposition,
        #undamped iterations : 1000 
)
        { Poisson Electron Hole } 
    Plot( FilePrefix = "0.01V_neg_dd" overwrite )
      { }
    CurrentPlot (
         Time (fixed times:
             0.0000e+00 0.1 0.2 0.3 0.4
             0.5 0.6 0.7 0.8 0.9
             1) )
      { }
  }
Quasistationary ( Digits : 5, Max. #iterations : 50, 
      Initial step in t : 0.05, 
      Minimum step in t : 1.0000e-04, Maximum step in t : 0.1, 
      Increment : 2, Decrement : 2, 
      Goal values :
        Contact n2contact : 0.1V
    )
  {
    Coupled ( Digits : 5, Max. #iterations : 50, 
        Solver : blocked decomposition,
        #undamped iterations : 1000 
)
        { Poisson Electron Hole } 
    Plot( FilePrefix = "0.1V_neg_dd" overwrite )
      { }
    CurrentPlot (
         Time (fixed times:
             0.0000e+00 0.1 0.2 0.3 0.4
             0.5 0.6 0.7 0.8 0.9
             1) )
      { }
  }

===============================

Reading grid 'q1_msh.tdr' ... 
  coordinate system: DFISE, 2d_dfise (y is device down direction, 3d extension right-handed)
  use coordinate system as is (no transformation)
  TDR format
  Number of grid points is 9192.
done.

Adding interfaces and contacts .... done.
Computing edges ...
  Number of edges: 27435
done.
Computing boxes ...

  CVPL_AverageBoxMethod = TRUE 
   
  ElementWithMinVolume(  4059) Vertex0( 6652)( 2.007812e+00, 1.062500e+00) Volume = 3.051758e-05 um3 (3.81e-06 from TotalVolume)
    ElementWithMinEdge(   135) Vertex0( 2761)( 2.000000e+00, 1.062500e+00) Length = 7.812500e-03 um
        MaxFlatElement(   654) Vertex0( 4945)( 2.109375e+00,-0.000000e+00)  Angle = 9.000000e+01 degrees
   ElementWithMinAngle( 17824) Vertex0( 4574)( 1.250000e+00, 1.968750e+00)  Angle = 3.576334e+00 degrees
                   tan(MinAngle) = 6.250000e-02 

   NumberOfEdges              =  27435 
   NumberOfGeometricalEdges   =  27304 
   NumberOfDoubleEdges        =      0 
   MaxNumberOfElementsPerEdge =      2 
   MaxNumberOfEdgesPerVertex  =      7 

  Computing coefficient and measure ...   done.
  Old Parameters time:   0.00 s

  Computing Voronoi faces, coefficients, and measures ... 
  CVPL_Algorithm = TRUE 

    Computing Obtuse Elements ... 
     Obtuse Elements time:   0.00 s
      New Parameters time:   0.00 s

                       NumberOfVertices =   9323 
                       NumberOfElements =  18113 
                      NumberOfTriangles =  18113  (100.00 %)
                     NumberOfRectangles =      0  ( 0.00 %)
                 NumberOfObtuseElements =      0  ( 0.00 %)
    done.
  done.
  (times: wc = 0.07 s, tcpu = 0.06 s)


/-------- Region non Delaunay elements -------------------------------------
 Region    Volume      BoxMethodVolume  DeltaVolume  Elements  non Delaunay 
  name      [um2]          [um2]           [%]                   Elements   
 ---------------------------------------------------------------------------
 ntype  4.0000000e+00  4.0000000e+00       0.000      9024       0 ( 0.00 %) 
 ptype  4.0000000e+00  4.0000000e+00       0.000      9089       0 ( 0.00 %) 
 Total  8.0000000e+00  8.0000000e+00       0.000     18113       0 ( 0.00 %) 
\---------------------------------------------------------------------------


/-------- Interface non Delaunay elements ----------------------------------
 Region1   Volume      BoxMethodVolume  DeltaVolume  Elements  non Delaunay 
 Region2    [um2]          [um2]           [%]                   Elements   
 ---------------------------------------------------------------------------
 ntype  7.9956055e-03  7.9956055e-03       0.000       262       0 ( 0.00 %) 
 ptype  7.8125000e-03  7.8125000e-03       0.000       256       0 ( 0.00 %) 
 ...........................................................................
 Total  1.5808105e-02  1.5808105e-02       0.000       518       0 ( 0.00 %) 
\---------------------------------------------------------------------------
done.
Reading doping 'q1_msh.tdr' (TDR format) ...
done.
done.
Reading parameter file 'models.par' ...
---------------------------------------------------
 Reading parameters for Silicon parameter set
---------------------------------------------------

	Differences compared with default parameters:
	ComplexRefractiveIndex: Formula = 3, instead of: 1 [1]
	absorption: A0 = 1.2107e+15, instead of: 1.2107e+15 [cm-1]
	StressMobility: beta_mlda = 1.5, instead of: 1.22 [1]


=======
Region: "ntype"
  (material is "Silicon")
=======
  Constants are not modified and equal to default ones

=======
Region: "ptype"
  (material is "Silicon")
=======
  Constants are not modified and equal to default ones

================
RegionInterface: "ntype/ptype"
  (material interface is "Silicon/Silicon")
================
  Constants are not modified and equal to default ones

==========
Electrode: "n1contact"
==========
  Constants are not modified and equal to default ones

==========
Electrode: "n2contact"
==========
  Constants are not modified and equal to default ones


Use doping species (B, P) concentrations from file (Species => Na,Nd)!
Use doping concentration (Nnet) from file.
No total doping concentration in doping file (Species => Ntot)!



With Constant Reference Potential:
  Parameters of Reference Semiconductor:
    The Electron Affinity: 4.07274
    The Band Gap: 1.11936
    The Electron DOS: 2.8571e+19
    The Hole DOS: 3.1046e+19
  The Constant Reference Potential: 4.63135

===============================
Starting solve of next problem:
 Poisson
===============================

Computing poisson-equation 
using Bank/Rose nonlinear solver.

Iteration   |Rhs|      factor     |step|     error   #inner  #iterative  time
------------------------------------------------------------------------------
    0      3.48e+01                                                      0.02
    1      1.61e+01   1.00e+00   1.32e+00   9.88e+03    0         1      0.09
    2      1.99e+00   1.00e+00   1.58e+00   2.13e+04    0         1      0.15
    3      1.80e-01   1.00e+00   3.74e-01   3.09e+03    0         1      0.22
    4      5.38e-03   1.00e+00   3.59e-02   2.63e+02    0         1      0.28
    5      3.38e-06   1.00e+00   7.59e-04   5.02e+00    0         1      0.34
Finished, because...
|RHS| less than 1.0000E-05.

Accumulated times:
Rhs time:        0.11 s
Jacobian time:   0.03 s
Solve time:      0.20 s
Total time:      0.34 s

contact        voltage     electron current    hole current  conduction current
 n1contact    0.000E+00       4.419E-26         8.700E-27        5.289E-26
 n2contact    0.000E+00      -4.419E-26        -8.700E-27       -5.289E-26


===============================
Starting solve of next problem:
Coupled ( Digits : 5, Max. #iterations : 50, 
    Solver : blocked decomposition,
    #undamped iterations : 1000 
)
    { Poisson Electron Hole } 
===============================

Computing Coupled( 1 poisson-equation(s) , 1 electron-equation(s) , 
                   1 hole-equation(s) ) 
using Bank/Rose nonlinear solver.

Iteration   |Rhs|      factor     |step|     error   #inner  #iterative  time
------------------------------------------------------------------------------
    0      3.38e-06                                                      0.01
    1      1.39e-03   1.00e+00   4.80e-07   2.78e-02    0         1      1.04
Finished, because...
Error smaller than 1 ( 2.7785E-02 ).

Accumulated times:
Rhs time:        0.26 s
Jacobian time:   0.08 s
Solve time:      0.70 s
Total time:      1.04 s

contact        voltage     electron current    hole current  conduction current
 n1contact    0.000E+00      -4.425E-26        -1.353E-26       -5.778E-26
 n2contact    0.000E+00       4.425E-26         1.353E-26        5.778E-26


===============================
Starting solve of next problem:
Plot( FilePrefix = "0.0V_neg_dd" overwrite )
  { }
===============================

Saving device '':
    Writing plot '0.0V_neg_dd_des.tdr' (TDR format) ... done.
Saving circuit:
    Writing '0.0V_neg_dd_circuit_des.sav' ... done.


===============================
Starting solve of next problem:
Quasistationary ( Digits : 5, Max. #iterations : 50, 
      Initial step in t : 0.05, 
      Minimum step in t : 1.0000e-04, Maximum step in t : 0.1, 
      Increment : 2, Decrement : 2, 
      Goal values :
        Contact n2contact : 0.01V
    )
  {
    Coupled ( Digits : 5, Max. #iterations : 50, 
        Solver : blocked decomposition,
        #undamped iterations : 1000 
)
        { Poisson Electron Hole } 
    Plot( FilePrefix = "0.01V_neg_dd" overwrite )
      { }
    CurrentPlot (
         Time (fixed times:
             0.0000e+00 0.1 0.2 0.3 0.4
             0.5 0.6 0.7 0.8 0.9
             1) )
      { }
  }
===============================

Computing solution for t=0 :
Computing Coupled( 1 poisson-equation(s) , 1 electron-equation(s) , 
                   1 hole-equation(s) ) 
using Bank/Rose nonlinear solver.

Iteration   |Rhs|      factor     |step|     error   #inner  #iterative  time
------------------------------------------------------------------------------
    0      1.39e-03                                                      0.02
    1      2.29e-05   1.00e+00   3.42e-13   9.71e-09    0         1      1.07
Finished, because...
Error smaller than 1 ( 9.7123E-09 ).

Accumulated times:
Rhs time:        0.27 s
Jacobian time:   0.08 s
Solve time:      0.72 s
Total time:      1.07 s


Plot started:
Saving device '':
    Writing plot '0.01V_neg_dd_des.tdr' (TDR format) ... done.
Saving circuit:
    Writing '0.01V_neg_dd_circuit_des.sav' ... done.
Plot finished.

contact        voltage     electron current    hole current  conduction current
 n1contact    0.000E+00       2.638E-26         7.557E-27        3.394E-26
 n2contact    0.000E+00      -2.638E-26        -7.557E-27       -3.394E-26

Computing step from t=0.0000e+00 to t=0.05 (Stepsize: 0.05) :
Computing Coupled( 1 poisson-equation(s) , 1 electron-equation(s) , 
                   1 hole-equation(s) ) 
using Bank/Rose nonlinear solver.

Iteration   |Rhs|      factor     |step|     error   #inner  #iterative  time
------------------------------------------------------------------------------
    0      4.78e+07                                                      0.25
    1      1.42e+03   1.00e+00   1.23e-02   1.39e+02    0         1      1.25
    2      1.37e-04   1.00e+00   9.17e-05   4.69e-01    0         1      2.24
Finished, because...
Error smaller than 1 ( 4.6896E-01 ).

Accumulated times:
Rhs time:        0.75 s
Jacobian time:   0.14 s
Solve time:      1.33 s
Total time:      2.24 s


Plot started:
Saving device '':
    Writing plot '0.01V_neg_dd_des.tdr' (TDR format) ... done.
Saving circuit:
    Writing '0.01V_neg_dd_circuit_des.sav' ... done.
Plot finished.

contact        voltage     electron current    hole current  conduction current
 n1contact    0.000E+00      -2.705E-21        -2.707E-21       -5.411E-21
 n2contact    5.000E-04       4.507E-21         9.042E-22        5.411E-21

Computing step from t=0.05 to t=0.1 (Stepsize: 0.05) :
Computing Coupled( 1 poisson-equation(s) , 1 electron-equation(s) , 
                   1 hole-equation(s) ) 
using Bank/Rose nonlinear solver.

Iteration   |Rhs|      factor     |step|     error   #inner  #iterative  time
------------------------------------------------------------------------------
    0      2.73e-04                                                      0.25
    1      1.28e-03   1.00e+00   1.24e-05   2.91e-02    0         1      1.27
Finished, because...
Error smaller than 1 ( 2.9086E-02 ).

Accumulated times:
Rhs time:        0.50 s
Jacobian time:   0.08 s
Solve time:      0.68 s
Total time:      1.27 s


Plot started:
Saving device '':
    Writing plot '0.01V_neg_dd_des.tdr' (TDR format) ... done.
Saving circuit:
    Writing '0.01V_neg_dd_circuit_des.sav' ... done.
Plot finished.

contact        voltage     electron current    hole current  conduction current
 n1contact    0.000E+00      -9.634E-21        -6.810E-21       -1.644E-20
 n2contact    1.000E-03       1.323E-20         3.211E-21        1.644E-20

Computing step from t=0.1 to t=0.198667 (Stepsize: 0.0986667) :
Computing Coupled( 1 poisson-equation(s) , 1 electron-equation(s) , 
                   1 hole-equation(s) ) 
using Bank/Rose nonlinear solver.

Iteration   |Rhs|      factor     |step|     error   #inner  #iterative  time
------------------------------------------------------------------------------
    0      4.05e-03                                                      0.26
    1      1.10e-02   1.00e+00   3.65e-05   8.53e-02    0         1      1.25
Finished, because...
Error smaller than 1 ( 8.5331E-02 ).

Accumulated times:
Rhs time:        0.51 s
Jacobian time:   0.07 s
Solve time:      0.66 s
Total time:      1.25 s


Plot started:
Saving device '':
    Writing plot '0.01V_neg_dd_des.tdr' (TDR format) ... done.
Saving circuit:
    Writing '0.01V_neg_dd_circuit_des.sav' ... done.
Plot finished.

contact        voltage     electron current    hole current  conduction current
 n1contact    0.000E+00      -1.878E-20        -1.339E-20       -3.217E-20
 n2contact    1.987E-03       2.591E-20         6.260E-21        3.217E-20

Computing step from t=0.198667 to t=0.2 (Stepsize: 1.3333e-03) :
Computing Coupled( 1 poisson-equation(s) , 1 electron-equation(s) , 
                   1 hole-equation(s) ) 
using Bank/Rose nonlinear solver.

Iteration   |Rhs|      factor     |step|     error   #inner  #iterative  time
------------------------------------------------------------------------------
    0      1.11e-02                                                      0.25
    1      2.84e-05   1.00e+00   3.32e-07   7.76e-04    0         1      1.24
Finished, because...
Error smaller than 1 ( 7.7558E-04 ).

Accumulated times:
Rhs time:        0.50 s
Jacobian time:   0.07 s
Solve time:      0.67 s
Total time:      1.24 s


Plot started:
Saving device '':
    Writing plot '0.01V_neg_dd_des.tdr' (TDR format) ... done.
Saving circuit:
    Writing '0.01V_neg_dd_circuit_des.sav' ... done.
Plot finished.

contact        voltage     electron current    hole current  conduction current
 n1contact    0.000E+00      -1.890E-20        -1.347E-20       -3.238E-20
 n2contact    2.000E-03       2.608E-20         6.300E-21        3.238E-20

Computing step from t=0.2 to t=0.3 (Stepsize: 0.1) :
Computing Coupled( 1 poisson-equation(s) , 1 electron-equation(s) , 
                   1 hole-equation(s) ) 
using Bank/Rose nonlinear solver.

Iteration   |Rhs|      factor     |step|     error   #inner  #iterative  time
------------------------------------------------------------------------------
    0      2.09e-02                                                      0.25
    1      2.09e-02   1.00e+00   5.04e-05   1.18e-01    0         1      1.25
Finished, because...
Error smaller than 1 ( 1.1790E-01 ).

Accumulated times:
Rhs time:        0.50 s
Jacobian time:   0.07 s
Solve time:      0.68 s
Total time:      1.25 s


Plot started:
Saving device '':
    Writing plot '0.01V_neg_dd_des.tdr' (TDR format) ... done.
Saving circuit:
    Writing '0.01V_neg_dd_circuit_des.sav' ... done.
Plot finished.

contact        voltage     electron current    hole current  conduction current
 n1contact    0.000E+00      -2.782E-20        -2.000E-20       -4.782E-20
 n2contact    3.000E-03       3.855E-20         9.272E-21        4.782E-20

Computing step from t=0.3 to t=0.4 (Stepsize: 0.1) :
Computing Coupled( 1 poisson-equation(s) , 1 electron-equation(s) , 
                   1 hole-equation(s) ) 
using Bank/Rose nonlinear solver.

Iteration   |Rhs|      factor     |step|     error   #inner  #iterative  time
------------------------------------------------------------------------------
    0      3.07e-02                                                      0.25
    1      2.07e-02   1.00e+00   5.01e-05   1.17e-01    0         1      1.24
Finished, because...
Error smaller than 1 ( 1.1714E-01 ).

Accumulated times:
Rhs time:        0.50 s
Jacobian time:   0.07 s
Solve time:      0.67 s
Total time:      1.24 s


Plot started:
Saving device '':
    Writing plot '0.01V_neg_dd_des.tdr' (TDR format) ... done.
Saving circuit:
    Writing '0.01V_neg_dd_circuit_des.sav' ... done.
Plot finished.

contact        voltage     electron current    hole current  conduction current
 n1contact    0.000E+00      -3.640E-20        -2.639E-20       -6.279E-20
 n2contact    4.000E-03       5.066E-20         1.213E-20        6.279E-20

Computing step from t=0.4 to t=0.5 (Stepsize: 0.1) :
Computing Coupled( 1 poisson-equation(s) , 1 electron-equation(s) , 
                   1 hole-equation(s) ) 
using Bank/Rose nonlinear solver.

Iteration   |Rhs|      factor     |step|     error   #inner  #iterative  time
------------------------------------------------------------------------------
    0      2.04e-02                                                      0.26
    1      2.04e-02   1.00e+00   4.99e-05   1.16e-01    0         1      1.25
Finished, because...
Error smaller than 1 ( 1.1637E-01 ).

Accumulated times:
Rhs time:        0.51 s
Jacobian time:   0.07 s
Solve time:      0.66 s
Total time:      1.25 s


Plot started:
Saving device '':
    Writing plot '0.01V_neg_dd_des.tdr' (TDR format) ... done.
Saving circuit:
    Writing '0.01V_neg_dd_circuit_des.sav' ... done.
Plot finished.

contact        voltage     electron current    hole current  conduction current
 n1contact    0.000E+00      -4.465E-20        -3.266E-20       -7.731E-20
 n2contact    5.000E-03       6.242E-20         1.488E-20        7.731E-20

Computing step from t=0.5 to t=0.6 (Stepsize: 0.1) :
Computing Coupled( 1 poisson-equation(s) , 1 electron-equation(s) , 
                   1 hole-equation(s) ) 
using Bank/Rose nonlinear solver.

Iteration   |Rhs|      factor     |step|     error   #inner  #iterative  time
------------------------------------------------------------------------------
    0      2.01e-02                                                      0.26
    1      2.04e-02   1.00e+00   5.00e-05   1.16e-01    0         1      1.27
Finished, because...
Error smaller than 1 ( 1.1638E-01 ).

Accumulated times:
Rhs time:        0.51 s
Jacobian time:   0.07 s
Solve time:      0.69 s
Total time:      1.27 s


Plot started:
Saving device '':
    Writing plot '0.01V_neg_dd_des.tdr' (TDR format) ... done.
Saving circuit:
    Writing '0.01V_neg_dd_circuit_des.sav' ... done.
Plot finished.

contact        voltage     electron current    hole current  conduction current
 n1contact    0.000E+00      -5.259E-20        -3.880E-20       -9.139E-20
 n2contact    6.000E-03       7.386E-20         1.753E-20        9.139E-20

Computing step from t=0.6 to t=0.7 (Stepsize: 0.1) :
Computing Coupled( 1 poisson-equation(s) , 1 electron-equation(s) , 
                   1 hole-equation(s) ) 
using Bank/Rose nonlinear solver.

Iteration   |Rhs|      factor     |step|     error   #inner  #iterative  time
------------------------------------------------------------------------------
    0      2.04e-02                                                      0.25
    1      2.04e-02   1.00e+00   5.01e-05   1.16e-01    0         1      1.25
Finished, because...
Error smaller than 1 ( 1.1639E-01 ).

Accumulated times:
Rhs time:        0.51 s
Jacobian time:   0.08 s
Solve time:      0.66 s
Total time:      1.25 s


Plot started:
Saving device '':
    Writing plot '0.01V_neg_dd_des.tdr' (TDR format) ... done.
Saving circuit:
    Writing '0.01V_neg_dd_circuit_des.sav' ... done.
Plot finished.

contact        voltage     electron current    hole current  conduction current
 n1contact    0.000E+00      -6.023E-20        -4.482E-20       -1.051E-19
 n2contact    7.000E-03       8.498E-20         2.008E-20        1.051E-19

Computing step from t=0.7 to t=0.8 (Stepsize: 0.1) :
Computing Coupled( 1 poisson-equation(s) , 1 electron-equation(s) , 
                   1 hole-equation(s) ) 
using Bank/Rose nonlinear solver.

Iteration   |Rhs|      factor     |step|     error   #inner  #iterative  time
------------------------------------------------------------------------------
    0      2.03e-02                                                      0.25
    1      2.03e-02   1.00e+00   5.03e-05   1.16e-01    0         1      1.27
Finished, because...
Error smaller than 1 ( 1.1640E-01 ).

Accumulated times:
Rhs time:        0.52 s
Jacobian time:   0.08 s
Solve time:      0.66 s
Total time:      1.27 s


Plot started:
Saving device '':
    Writing plot '0.01V_neg_dd_des.tdr' (TDR format) ... done.
Saving circuit:
    Writing '0.01V_neg_dd_circuit_des.sav' ... done.
Plot finished.

contact        voltage     electron current    hole current  conduction current
 n1contact    0.000E+00      -6.758E-20        -5.073E-20       -1.183E-19
 n2contact    8.000E-03       9.579E-20         2.252E-20        1.183E-19

Computing step from t=0.8 to t=0.9 (Stepsize: 0.1) :
Computing Coupled( 1 poisson-equation(s) , 1 electron-equation(s) , 
                   1 hole-equation(s) ) 
using Bank/Rose nonlinear solver.

Iteration   |Rhs|      factor     |step|     error   #inner  #iterative  time
------------------------------------------------------------------------------
    0      2.03e-02                                                      0.26
    1      2.03e-02   1.00e+00   5.05e-05   1.16e-01    0         1      1.26
Finished, because...
Error smaller than 1 ( 1.1642E-01 ).

Accumulated times:
Rhs time:        0.51 s
Jacobian time:   0.07 s
Solve time:      0.67 s
Total time:      1.26 s


Plot started:
Saving device '':
    Writing plot '0.01V_neg_dd_des.tdr' (TDR format) ... done.
Saving circuit:
    Writing '0.01V_neg_dd_circuit_des.sav' ... done.
Plot finished.

contact        voltage     electron current    hole current  conduction current
 n1contact    0.000E+00      -7.465E-20        -5.654E-20       -1.312E-19
 n2contact    9.000E-03       1.063E-19         2.488E-20        1.312E-19

Computing step from t=0.9 to t=1 (Stepsize: 0.1) :
Computing Coupled( 1 poisson-equation(s) , 1 electron-equation(s) , 
                   1 hole-equation(s) ) 
using Bank/Rose nonlinear solver.

Iteration   |Rhs|      factor     |step|     error   #inner  #iterative  time
------------------------------------------------------------------------------
    0      2.03e-02                                                      0.25
    1      2.03e-02   1.00e+00   5.07e-05   1.16e-01    0         1      1.25
Finished, because...
Error smaller than 1 ( 1.1643E-01 ).

Accumulated times:
Rhs time:        0.51 s
Jacobian time:   0.07 s
Solve time:      0.67 s
Total time:      1.25 s


Plot started:
Saving device '':
    Writing plot '0.01V_neg_dd_des.tdr' (TDR format) ... done.
Saving circuit:
    Writing '0.01V_neg_dd_circuit_des.sav' ... done.
Plot finished.

contact        voltage     electron current    hole current  conduction current
 n1contact    0.000E+00      -8.145E-20        -6.224E-20       -1.437E-19
 n2contact    1.000E-02       1.165E-19         2.715E-20        1.437E-19


Finished, because of...
Curve trace finished.


===============================
Starting solve of next problem:
Quasistationary ( Digits : 5, Max. #iterations : 50, 
      Initial step in t : 0.05, 
      Minimum step in t : 1.0000e-04, Maximum step in t : 0.1, 
      Increment : 2, Decrement : 2, 
      Goal values :
        Contact n2contact : 0.1V
    )
  {
    Coupled ( Digits : 5, Max. #iterations : 50, 
        Solver : blocked decomposition,
        #undamped iterations : 1000 
)
        { Poisson Electron Hole } 
    Plot( FilePrefix = "0.1V_neg_dd" overwrite )
      { }
    CurrentPlot (
         Time (fixed times:
             0.0000e+00 0.1 0.2 0.3 0.4
             0.5 0.6 0.7 0.8 0.9
             1) )
      { }
  }
===============================

Reusing extrapolation from a previous quasistationary

Computing solution for t=0 :
Computing Coupled( 1 poisson-equation(s) , 1 electron-equation(s) , 
                   1 hole-equation(s) ) 
using Bank/Rose nonlinear solver.

Iteration   |Rhs|      factor     |step|     error   #inner  #iterative  time
------------------------------------------------------------------------------
    0      2.03e-02                                                      0.01
    1      2.78e-05   1.00e+00   1.17e-11   1.75e-07    0         1      1.04
Finished, because...
Error smaller than 1 ( 1.7505E-07 ).

Accumulated times:
Rhs time:        0.26 s
Jacobian time:   0.08 s
Solve time:      0.69 s
Total time:      1.04 s


Plot started:
Saving device '':
    Writing plot '0.1V_neg_dd_des.tdr' (TDR format) ... done.
Saving circuit:
    Writing '0.1V_neg_dd_circuit_des.sav' ... done.
Plot finished.

contact        voltage     electron current    hole current  conduction current
 n1contact    0.000E+00      -8.145E-20        -6.224E-20       -1.437E-19
 n2contact    1.000E-02       1.165E-19         2.715E-20        1.437E-19

Computing step from t=0.0000e+00 to t=0.05 (Stepsize: 0.05) :
Computing Coupled( 1 poisson-equation(s) , 1 electron-equation(s) , 
                   1 hole-equation(s) ) 
using Bank/Rose nonlinear solver.

Iteration   |Rhs|      factor     |step|     error   #inner  #iterative  time
------------------------------------------------------------------------------
    0      9.03e-02                                                      0.25
    1      3.09e+00   1.00e+00   6.36e-04   1.44e+00    0         1      1.25
    2      2.35e-05   1.00e+00   1.91e-09   2.70e-05    0         1      2.24
Finished, because...
Error smaller than 1 ( 2.6956E-05 ).

Accumulated times:
Rhs time:        0.76 s
Jacobian time:   0.15 s
Solve time:      1.32 s
Total time:      2.24 s


Plot started:
Saving device '':
    Writing plot '0.1V_neg_dd_des.tdr' (TDR format) ... done.
Saving circuit:
    Writing '0.1V_neg_dd_circuit_des.sav' ... done.
Plot finished.

contact        voltage     electron current    hole current  conduction current
 n1contact    0.000E+00      -1.090E-19        -8.676E-20       -1.958E-19
 n2contact    1.450E-02       1.594E-19         3.633E-20        1.958E-19

Computing step from t=0.05 to t=0.1 (Stepsize: 0.05) :
Computing Coupled( 1 poisson-equation(s) , 1 electron-equation(s) , 
                   1 hole-equation(s) ) 
using Bank/Rose nonlinear solver.

Iteration   |Rhs|      factor     |step|     error   #inner  #iterative  time
------------------------------------------------------------------------------
    0      2.39e-04                                                      0.25
    1      8.25e+00   1.00e+00   1.07e-03   2.36e+00    0         1      1.23
    2      2.29e-05   1.00e+00   5.65e-09   7.26e-05    0         1      2.22
Finished, because...
Error smaller than 1 ( 7.2565E-05 ).

Accumulated times:
Rhs time:        0.72 s
Jacobian time:   0.14 s
Solve time:      1.35 s
Total time:      2.22 s


Plot started:
Saving device '':
    Writing plot '0.1V_neg_dd_des.tdr' (TDR format) ... done.
Saving circuit:
    Writing '0.1V_neg_dd_circuit_des.sav' ... done.
Plot finished.

contact        voltage     electron current    hole current  conduction current
 n1contact    0.000E+00      -1.322E-19        -1.097E-19       -2.419E-19
 n2contact    1.900E-02       1.978E-19         4.405E-20        2.419E-19

Computing step from t=0.1 to t=0.198667 (Stepsize: 0.0986667) :
Computing Coupled( 1 poisson-equation(s) , 1 electron-equation(s) , 
                   1 hole-equation(s) ) 
using Bank/Rose nonlinear solver.

Iteration   |Rhs|      factor     |step|     error   #inner  #iterative  time
------------------------------------------------------------------------------
    0      6.97e-04                                                      0.25
    1      7.02e+01   1.00e+00   3.32e-03   6.93e+00    0         1      1.24
    2      2.43e-05   1.00e+00   5.83e-08   6.32e-04    0         1      2.24
Finished, because...
Error smaller than 1 ( 6.3198E-04 ).

Accumulated times:
Rhs time:        0.75 s
Jacobian time:   0.16 s
Solve time:      1.32 s
Total time:      2.24 s


Plot started:
Saving device '':
    Writing plot '0.1V_neg_dd_des.tdr' (TDR format) ... done.
Saving circuit:
    Writing '0.1V_neg_dd_circuit_des.sav' ... done.
Plot finished.

contact        voltage     electron current    hole current  conduction current
 n1contact    0.000E+00      -1.676E-19        -1.516E-19       -3.192E-19
 n2contact    2.788E-02       2.633E-19         5.585E-20        3.192E-19

Computing step from t=0.198667 to t=0.2 (Stepsize: 1.3333e-03) :
Computing Coupled( 1 poisson-equation(s) , 1 electron-equation(s) , 
                   1 hole-equation(s) ) 
using Bank/Rose nonlinear solver.

Iteration   |Rhs|      factor     |step|     error   #inner  #iterative  time
------------------------------------------------------------------------------
    0      4.26e-05                                                      0.26
    1      5.85e-03   1.00e+00   3.20e-05   6.30e-02    0         1      1.25
Finished, because...
Error smaller than 1 ( 6.3049E-02 ).

Accumulated times:
Rhs time:        0.50 s
Jacobian time:   0.07 s
Solve time:      0.67 s
Total time:      1.25 s


Plot started:
Saving device '':
    Writing plot '0.1V_neg_dd_des.tdr' (TDR format) ... done.
Saving circuit:
    Writing '0.1V_neg_dd_circuit_des.sav' ... done.
Plot finished.

contact        voltage     electron current    hole current  conduction current
 n1contact    0.000E+00      -1.680E-19        -1.522E-19       -3.201E-19
 n2contact    2.800E-02       2.641E-19         5.599E-20        3.201E-19

Computing step from t=0.2 to t=0.3 (Stepsize: 0.1) :
Computing Coupled( 1 poisson-equation(s) , 1 electron-equation(s) , 
                   1 hole-equation(s) ) 
using Bank/Rose nonlinear solver.

Iteration   |Rhs|      factor     |step|     error   #inner  #iterative  time
------------------------------------------------------------------------------
    0      9.60e-04                                                      0.26
    1      1.33e+02   1.00e+00   5.09e-03   9.59e+00    0         1      1.28
    2      2.46e-05   1.00e+00   1.41e-07   1.22e-03    0         1      2.31
Finished, because...
Error smaller than 1 ( 1.2227E-03 ).

Accumulated times:
Rhs time:        0.77 s
Jacobian time:   0.14 s
Solve time:      1.40 s
Total time:      2.31 s


Plot started:
Saving device '':
    Writing plot '0.1V_neg_dd_des.tdr' (TDR format) ... done.
Saving circuit:
    Writing '0.1V_neg_dd_circuit_des.sav' ... done.
Plot finished.

contact        voltage     electron current    hole current  conduction current
 n1contact    0.000E+00      -1.933E-19        -1.919E-19       -3.852E-19
 n2contact    3.700E-02       3.208E-19         6.442E-20        3.852E-19

Computing step from t=0.3 to t=0.4 (Stepsize: 0.1) :
Computing Coupled( 1 poisson-equation(s) , 1 electron-equation(s) , 
                   1 hole-equation(s) ) 
using Bank/Rose nonlinear solver.

Iteration   |Rhs|      factor     |step|     error   #inner  #iterative  time
------------------------------------------------------------------------------
    0      9.53e-04                                                      0.26
    1      1.30e+02   1.00e+00   5.88e-03   9.55e+00    0         1      1.27
    2      2.51e-05   1.00e+00   1.86e-07   1.22e-03    0         1      2.30
Finished, because...
Error smaller than 1 ( 1.2249E-03 ).

Accumulated times:
Rhs time:        0.76 s
Jacobian time:   0.15 s
Solve time:      1.39 s
Total time:      2.30 s


Plot started:
Saving device '':
    Writing plot '0.1V_neg_dd_des.tdr' (TDR format) ... done.
Saving circuit:
    Writing '0.1V_neg_dd_circuit_des.sav' ... done.
Plot finished.

contact        voltage     electron current    hole current  conduction current
 n1contact    0.000E+00      -2.111E-19        -2.308E-19       -4.419E-19
 n2contact    4.600E-02       3.715E-19         7.037E-20        4.419E-19

Computing step from t=0.4 to t=0.5 (Stepsize: 0.1) :
Computing Coupled( 1 poisson-equation(s) , 1 electron-equation(s) , 
                   1 hole-equation(s) ) 
using Bank/Rose nonlinear solver.

Iteration   |Rhs|      factor     |step|     error   #inner  #iterative  time
------------------------------------------------------------------------------
    0      9.45e-04                                                      0.25
    1      1.28e+02   1.00e+00   6.90e-03   9.52e+00    0         1      1.25
    2      2.51e-05   1.00e+00   2.43e-07   1.23e-03    0         1      2.25
Finished, because...
Error smaller than 1 ( 1.2292E-03 ).

Accumulated times:
Rhs time:        0.77 s
Jacobian time:   0.16 s
Solve time:      1.32 s
Total time:      2.25 s


Plot started:
Saving device '':
    Writing plot '0.1V_neg_dd_des.tdr' (TDR format) ... done.
Saving circuit:
    Writing '0.1V_neg_dd_circuit_des.sav' ... done.
Plot finished.

contact        voltage     electron current    hole current  conduction current
 n1contact    0.000E+00      -2.237E-19        -2.703E-19       -4.940E-19
 n2contact    5.500E-02       4.194E-19         7.457E-20        4.940E-19

Computing step from t=0.5 to t=0.6 (Stepsize: 0.1) :
Computing Coupled( 1 poisson-equation(s) , 1 electron-equation(s) , 
                   1 hole-equation(s) ) 
using Bank/Rose nonlinear solver.

Iteration   |Rhs|      factor     |step|     error   #inner  #iterative  time
------------------------------------------------------------------------------
    0      9.43e-04                                                      0.26
    1      1.26e+02   1.00e+00   8.12e-03   9.54e+00    0         1      1.25
    2      2.67e-05   1.00e+00   3.17e-07   1.25e-03    0         1      2.25
Finished, because...
Error smaller than 1 ( 1.2515E-03 ).

Accumulated times:
Rhs time:        0.76 s
Jacobian time:   0.15 s
Solve time:      1.33 s
Total time:      2.25 s


Plot started:
Saving device '':
    Writing plot '0.1V_neg_dd_des.tdr' (TDR format) ... done.
Saving circuit:
    Writing '0.1V_neg_dd_circuit_des.sav' ... done.
Plot finished.

contact        voltage     electron current    hole current  conduction current
 n1contact    0.000E+00      -2.326E-19        -3.117E-19       -5.443E-19
 n2contact    6.400E-02       4.668E-19         7.754E-20        5.443E-19

Computing step from t=0.6 to t=0.7 (Stepsize: 0.1) :
Computing Coupled( 1 poisson-equation(s) , 1 electron-equation(s) , 
                   1 hole-equation(s) ) 
using Bank/Rose nonlinear solver.

Iteration   |Rhs|      factor     |step|     error   #inner  #iterative  time
------------------------------------------------------------------------------
    0      9.40e-04                                                      0.25
    1      1.25e+02   1.00e+00   9.40e-03   9.57e+00    0         1      1.26
    2      1.75e-05   1.00e+00   4.08e-07   1.28e-03    0         1      2.30
Finished, because...
Error smaller than 1 ( 1.2755E-03 ).

Accumulated times:
Rhs time:        0.76 s
Jacobian time:   0.16 s
Solve time:      1.37 s
Total time:      2.30 s


Plot started:
Saving device '':
    Writing plot '0.1V_neg_dd_des.tdr' (TDR format) ... done.
Saving circuit:
    Writing '0.1V_neg_dd_circuit_des.sav' ... done.
Plot finished.

contact        voltage     electron current    hole current  conduction current
 n1contact    0.000E+00      -2.389E-19        -3.561E-19       -5.950E-19
 n2contact    7.300E-02       5.154E-19         7.964E-20        5.950E-19

Computing step from t=0.7 to t=0.8 (Stepsize: 0.1) :
Computing Coupled( 1 poisson-equation(s) , 1 electron-equation(s) , 
                   1 hole-equation(s) ) 
using Bank/Rose nonlinear solver.

Iteration   |Rhs|      factor     |step|     error   #inner  #iterative  time
------------------------------------------------------------------------------
    0      9.37e-04                                                      0.26
    1      1.24e+02   1.00e+00   1.06e-02   9.61e+00    0         1      1.26
    2      2.24e-05   1.00e+00   5.14e-07   1.30e-03    0         1      2.26
Finished, because...
Error smaller than 1 ( 1.3006E-03 ).

Accumulated times:
Rhs time:        0.77 s
Jacobian time:   0.14 s
Solve time:      1.33 s
Total time:      2.26 s


Plot started:
Saving device '':
    Writing plot '0.1V_neg_dd_des.tdr' (TDR format) ... done.
Saving circuit:
    Writing '0.1V_neg_dd_circuit_des.sav' ... done.
Plot finished.

contact        voltage     electron current    hole current  conduction current
 n1contact    0.000E+00      -2.434E-19        -4.046E-19       -6.480E-19
 n2contact    8.200E-02       5.669E-19         8.112E-20        6.480E-19

Computing step from t=0.8 to t=0.9 (Stepsize: 0.1) :
Computing Coupled( 1 poisson-equation(s) , 1 electron-equation(s) , 
                   1 hole-equation(s) ) 
using Bank/Rose nonlinear solver.

Iteration   |Rhs|      factor     |step|     error   #inner  #iterative  time
------------------------------------------------------------------------------
    0      9.32e-04                                                      0.26
    1      1.22e+02   1.00e+00   1.15e-02   9.64e+00    0         1      1.28
    2      2.84e-05   1.00e+00   6.32e-07   1.33e-03    0         1      2.29
Finished, because...
Error smaller than 1 ( 1.3265E-03 ).

Accumulated times:
Rhs time:        0.76 s
Jacobian time:   0.14 s
Solve time:      1.39 s
Total time:      2.29 s


Plot started:
Saving device '':
    Writing plot '0.1V_neg_dd_des.tdr' (TDR format) ... done.
Saving circuit:
    Writing '0.1V_neg_dd_circuit_des.sav' ... done.
Plot finished.

contact        voltage     electron current    hole current  conduction current
 n1contact    0.000E+00      -2.465E-19        -4.582E-19       -7.048E-19
 n2contact    9.100E-02       6.226E-19         8.217E-20        7.048E-19

Computing step from t=0.9 to t=1 (Stepsize: 0.1) :
Computing Coupled( 1 poisson-equation(s) , 1 electron-equation(s) , 
                   1 hole-equation(s) ) 
using Bank/Rose nonlinear solver.

Iteration   |Rhs|      factor     |step|     error   #inner  #iterative  time
------------------------------------------------------------------------------
    0      9.27e-04                                                      0.26
    1      1.20e+02   1.00e+00   1.20e-02   9.67e+00    0         1      1.25
    2      2.46e-05   1.00e+00   7.56e-07   1.35e-03    0         1      2.25
Finished, because...
Error smaller than 1 ( 1.3529E-03 ).

Accumulated times:
Rhs time:        0.77 s
Jacobian time:   0.14 s
Solve time:      1.32 s
Total time:      2.25 s


Plot started:
Saving device '':
    Writing plot '0.1V_neg_dd_des.tdr' (TDR format) ... done.
Saving circuit:
    Writing '0.1V_neg_dd_circuit_des.sav' ... done.
Plot finished.

contact        voltage     electron current    hole current  conduction current
 n1contact    0.000E+00      -2.488E-19        -5.179E-19       -7.667E-19
 n2contact    1.000E-01       6.838E-19         8.291E-20        7.667E-19


Finished, because of...
Curve trace finished.

Writing plot 'MIM_plot_eg_dd.dat' (TDR format) ... done.

Thu Oct 17 20:54:29 2019: checked in 1 sdevice license(s)
Thu Oct 17 20:54:29 2019: checked in 1 Dessis license(s)

******************************************************************************
Sentaurus Device process size: 417 megabytes
Sentaurus Device simulation times:
  wallclock: 61.57 s (0 h:01 m:01 s)
  total cpu: 54.41 s (0 h:00 m:54 s)
Sentaurus Device simulation finished (Date: Thu Oct 17 20:54:29 2019  (IST)).
********************************* Good Bye ! *********************************
