****************************************************************************
***                          Sentaurus Process                           ***
***                          Version G-2012.06                           ***
***                         (1.7, amd64, linux)                          ***
***                                                                      ***
***                       Copyright (C) 1993-2002                        ***
***          The board of regents of the University of Florida           ***
***                       Copyright (C) 1994-2012                        ***
***                            Synopsys, Inc.                            ***
***                                                                      ***
***  This software and the associated documentation are confidential     ***
***  and proprietary to Synopsys, Inc.  Your use or disclosure of this   ***
***  software is subject to the terms and conditions of a written        ***
***  license agreement between you, or your company, and Synopsys, Inc.  ***
****************************************************************************

Compiled Mon Apr 30 22:52:45 PDT 2012 on tcadprod5

      Started at: Wed Oct 23 19:50:48 2019 (UTC)
       User name: EE735_6
       Host name: mcl21
             PID: 8480
    Architecture: x86_64
Operating system: Linux rel. 2.6.32-696.1.1.el6.x86_64 ver. #1 SMP Tue Apr 11 17:13:24 UTC 2017

------------------------------------------------------------------------------
Checking syntax of q3.cmd:

Syntax check complete.
------------------------------------------------------------------------------

Starting Tcl interpreter with inputfile: q3.cmd
            sprocess: Checked Out
           Floops-1D: Checked Out

Loading models file: /usr/local/Softwares/Sentaurus/Sentaurus_vG_2012.06/bin/../tcad/current/lib/sprocess-20.0.7/TclLib/SPROCESS.models... done.
------------------------------------------------------------------- line -----
line X location= 0.00e+00<um> spacing= 1.00<nm> tag= "SiTop"
------------------------------------------------------------------------------
------------------------------------------------------------------- line -----
line X location= 50.00<nm> spacing= 10.00<nm>
------------------------------------------------------------------------------
------------------------------------------------------------------- line -----
line X location= 100.00<nm> spacing= 20.00<nm>
------------------------------------------------------------------------------
------------------------------------------------------------------- line -----
line X location= 500.00<nm> spacing= 50.00<nm>
------------------------------------------------------------------------------
------------------------------------------------------------------- line -----
line X location= 1200.00<nm> spacing= 100.00<nm> tag= "SiBottom"
------------------------------------------------------------------------------
------------------------------------------------------------------- line -----
line Y location= 0.00e+00<um> spacing= 50.00<nm> tag= "Left"
------------------------------------------------------------------------------
------------------------------------------------------------------- line -----
line Y location= 1000.00<nm> spacing= 50.00<nm> tag= "Right"
------------------------------------------------------------------------------
----------------------------------------------------------------- region -----
region xlo= "SiTop" xhi= "SiBottom" ylo= "Left" yhi= "Right" Silicon
------------------------------------------------------------------------------
------------------------------------------------------------------- init -----
init concentration= 1.00e+16<cm-3> field= "Boron" wafer.orient= {100.00}
------------------------------------------------------------------------------
          sprocess2d: Checked Out
           Floops-2D: Checked Out

Creating structure...
Recreating refinements to take into account updated simulation dimension.
Done recreating refinements.


Points: 38
Nodes: 38
Edges: 37
Faces: 0
Volumes: 0

----------------------------------------------------------------- mgoals -----
mgoals accuracy= 1.00e-05<um> min.normal.size= 2.00<nm> normal.growth.ratio= 1.40
------------------------------------------------------------------------------
---------------------------------------------------------------- deposit -----
deposit time= 1.00<min> type= "isotropic" rate= {0.150<um/min>} material= {Oxide}
------------------------------------------------------------------------------
MGoals time: 0.095986

Updating sprocess mesh before Etch/Depo relax.
Generating SnMesh mesh... 
SnMesh time: 3.0000e-03

========================  tri-grid quality (Gas exluded)  ========================
    0  10  20  30  40  50  60  70  80  90 100 110 120 130 140 150 160 170 180
 %   26   2                           2  53                                
---------------------------------------------------------------------------------
minAngle: 0.0859913  maxAngle: 90
nVerts = 148  nTris = 146  nMats = 5
max connectivity (tris per node): 3
bmin: 1.2 0
bmax: -0.250015 0.000145002
min edgeLength: 0.000145002  [near (-0.148446 7.25008e-05)]
min volume: 7.45095e-08  max volume: 7.00459e-06  Total volume: 0.000195752
bbox  volume: 0.000210254
Are all boundaries on bbox? true
=================================================================================
Initializing sprocess...time: 0.046993
Interpolating...elapsed time: 0.03
sprocess parallel assembly thread count = 1
sprocess Pardiso thread count = 1
Mechanics:         0s   to         1s   step    :         1s   temp: 26.9C->26.9C
------------------------------------------------------------------- grid -----
grid remesh
------------------------------------------------------------------------------
Generating SnMesh mesh... 
SnMesh time: 3.0000e-03

========================  tri-grid quality (Gas exluded)  ========================
    0  10  20  30  40  50  60  70  80  90 100 110 120 130 140 150 160 170 180
 %   26   2                           2  53                                
---------------------------------------------------------------------------------
minAngle: 0.0859913  maxAngle: 90
nVerts = 148  nTris = 146  nMats = 5
max connectivity (tris per node): 3
bmin: 1.2 0
bmax: -0.250015 0.000145002
min edgeLength: 0.000145002  [near (-0.148446 7.25008e-05)]
min volume: 7.45095e-08  max volume: 7.00459e-06  Total volume: 0.000195752
bbox  volume: 0.000210254
Are all boundaries on bbox? true
=================================================================================
Initializing sprocess...time: 0.046993
Interpolating...elapsed time: 0.01
------------------------------------------------------------------- mask -----
mask name= "implant_mask" segments= {0.00e+00<um> 0.450<um> 0.550<um> 1.00<um>}
------------------------------------------------------------------------------
------------------------------------------------------------------- etch -----
etch time= 1.00<min> mask= "implant_mask" rate= {0.170<um/min>} type= "anisotropic" material= {oxide}
------------------------------------------------------------------------------
Size of simulation domain in Z direction is 0.  Evaluating masks at z==0.0
Increasing dimension 1 -> 2
Creating structure... 
Points: 1554
Nodes: 1638
Edges: 4553
Faces: 2920
Volumes: 0

Copying data...done

Recreating refinements to take into account updated simulation dimension.
Done recreating refinements.

MGoals time: 0.272959

Updating sprocess mesh before Etch/Depo relax.
Generating SnMesh mesh... 
SnMesh time: 0.424935

========================  tri-grid quality (Gas exluded)  ========================
    0  10  20  30  40  50  60  70  80  90 100 110 120 130 140 150 160 170 180
 %    4   5   5   5   4   4   5   5   5  27  .   .                         
---------------------------------------------------------------------------------
minAngle: 1.1775  maxAngle: 109.114
nVerts = 2639  nTris = 5085  nMats = 4
max connectivity (tris per node): 8
bmin: 1.2 0
bmax: -0.250015 1
min edgeLength: 0.00102771  [near (0.000513853 0.95)]
min volume: 1.21225e-06  max volume: 0.00241535  Total volume: 1.335
bbox  volume: 1.45002
Are all boundaries on bbox? true
=================================================================================
Initializing sprocess...time: 0.13498
Interpolating...elapsed time: 0.11
Mechanics:         0s   to         1s   step    :         1s   temp: 26.9C->26.9C

------------------------------------------------------------------- grid -----
grid remesh
------------------------------------------------------------------------------
Generating SnMesh mesh... 
SnMesh time: 0.429935

========================  tri-grid quality (Gas exluded)  ========================
    0  10  20  30  40  50  60  70  80  90 100 110 120 130 140 150 160 170 180
 %    4   5   5   5   4   4   5   5   5  27  .   .                         
---------------------------------------------------------------------------------
minAngle: 1.1775  maxAngle: 109.114
nVerts = 2639  nTris = 5085  nMats = 4
max connectivity (tris per node): 8
bmin: 1.2 0
bmax: -0.250015 1
min edgeLength: 0.00102771  [near (0.000513853 0.95)]
min volume: 1.21225e-06  max volume: 0.00241535  Total volume: 1.335
bbox  volume: 1.45002
Are all boundaries on bbox? true
=================================================================================
Initializing sprocess...time: 0.12798
Interpolating...elapsed time: 0.08
----------------------------------------------------------------- struct -----
struct tdr= "1_pn_oxide_etch_before_implant"
------------------------------------------------------------------------------
Points: 2639
Nodes: 2887
Edges: 7963
Faces: 5085
Volumes: 0

Writing file 1_pn_oxide_etch_before_implant_fps.tdr...done.

-------------------------------------------------------------- refinebox -----
refinebox Silicon min= {0.00e+00<um> 0.400<um>} max= {0.200<um> 0.600<um>} xrefine= {0.0100<um> 0.0100<um> 0.0100<um>} yrefine= {0.0100<um> 0.0100<um> 0.0100<um>}
------------------------------------------------------------------------------
------------------------------------------------------------------- grid -----
grid remesh
------------------------------------------------------------------------------
Generating SnMesh mesh... 
SnMesh time: 0.673898

========================  tri-grid quality (Gas exluded)  ========================
    0  10  20  30  40  50  60  70  80  90 100 110 120 130 140 150 160 170 180
 %    3   4   4   3  13  13   4   4   4  29  .   .   .                     
---------------------------------------------------------------------------------
minAngle: 1.1775  maxAngle: 115.986
nVerts = 3885  nTris = 7577  nMats = 4
max connectivity (tris per node): 8
bmin: 1.2 0
bmax: -0.250015 1
min edgeLength: 0.00102771  [near (0.000513853 0.95)]
min volume: 1.21225e-06  max volume: 0.00241535  Total volume: 1.335
bbox  volume: 1.45002
Are all boundaries on bbox? true
=================================================================================
Initializing sprocess...time: 0.159976
Interpolating...elapsed time: 0.12
---------------------------------------------------------------- implant -----
implant energy= 4.30<keV> dose= 4.80e+12<cm-2> tilt= 0.00e+00<degree> Phosphorus
------------------------------------------------------------------------------
No substrate defined (implant).  Skip updateStrain.
Species           =  Phosphorus
Dataset           =  Phosphorus
Energy            = 4.3keV
Dose (WaferDose)  =  4.8e+12/cm2
BeamDose          =  4.8e+12/cm2
BeamDose2D        =  4.8e+12/cm2
Tilt              =   0deg
Tilt2D            =   0deg
Rotation          = 270deg
Slice angle       = -90deg
Temperature       = 300.00K
LeftBoundary      = Extend
RightBoundary     = Extend

Total implant time:    1.19sec
- - - - - - - - - - - - - - - - - - - - - - - - - - - - - - - - - - - - - - - 
Computing finite volumes...done

   Dose in:   Silicon_1   Oxide_1.1   Oxide_1.2       Total
                Silicon       Oxide       Oxide
      Boron  1.2000e+12  0.0000e+00  0.0000e+00  1.2000e+12
 Phosphorus  4.8074e+11  2.1449e+12  2.1449e+12  4.7706e+12
- - - - - - - - - - - - - - - - - - - - - - - - - - - - - - - - - - - - - - - 


No substrate defined (implant).  Skip updateStrain.
---------------------------------------------------------------- diffuse -----
diffuse time= 9.00<s> temperature= 1060.00<C>
------------------------------------------------------------------------------
---- ---- ---- ---- ---- ---- ---- ---- ---- ---- ---- ---- ---- ---- ---- ---
Anneal step:	Time=9s, Ramp rate=0C/s, Temperature=1060.0C
Temperature > minT. Diffusion: On   Reaction: Off   Assembly: Serial
Mechanics:         0s   to    0.0001s   step    :    0.0001s   temp: 1060.0C
--- --- --- --- --- --- --- --- --- --- --- --- --- --- --- --- --- --- --- --
Initializing:  
--- --- --- --- --- --- --- --- --- --- --- --- --- --- --- --- --- --- --- --
Initialization is done.
--- --- --- --- --- --- --- --- --- --- --- --- --- --- --- --- --- --- --- --
Diffusion:         0s   to    0.0001s   step (s):    0.0001s   temp: 1060.0C
Mechanics:    0.0001s   to 0.0001748s   step    :  7.48e-05s   temp: 1060.0C
Diffusion:    0.0001s   to 0.0001748s   step (s):  7.48e-05s   temp: 1060.0C
Mechanics: 0.0001748s   to 0.0002802s   step    : 0.0001054s   temp: 1060.0C
Diffusion: 0.0001748s   to 0.0002802s   step (s): 0.0001054s   temp: 1060.0C
Mechanics: 0.0002802s   to 0.0004828s   step    : 0.0002027s   temp: 1060.0C
Diffusion: 0.0002802s   to 0.0004828s   step (s): 0.0002027s   temp: 1060.0C
Mechanics: 0.0004828s   to 0.0008881s   step    : 0.0004053s   temp: 1060.0C
Diffusion: 0.0004828s   to 0.0008881s   step (s): 0.0004053s   temp: 1060.0C
Mechanics: 0.0008881s   to  0.001699s   step    : 0.0008106s   temp: 1060.0C
Diffusion: 0.0008881s   to  0.001699s   step (s): 0.0008106s   temp: 1060.0C
Mechanics:  0.001699s   to   0.00332s   step    :  0.001621s   temp: 1060.0C
Diffusion:  0.001699s   to   0.00332s   step (s):  0.001621s   temp: 1060.0C
Mechanics:   0.00332s   to  0.006562s   step    :  0.003242s   temp: 1060.0C
Diffusion:   0.00332s   to  0.006562s   step (s):  0.003242s   temp: 1060.0C
Mechanics:  0.006562s   to   0.01305s   step    :  0.006485s   temp: 1060.0C
Diffusion:  0.006562s   to   0.01305s   step (s):  0.006485s   temp: 1060.0C
Mechanics:   0.01305s   to   0.02478s   step    :   0.01173s   temp: 1060.0C
Diffusion:   0.01305s   to   0.02478s   step (s):   0.01173s   temp: 1060.0C
Mechanics:   0.02478s   to   0.04061s   step    :   0.01583s   temp: 1060.0C
Diffusion:   0.02478s   to   0.04061s   step (s):   0.01583s   temp: 1060.0C
Mechanics:   0.04061s   to   0.05948s   step    :   0.01888s   temp: 1060.0C
Diffusion:   0.04061s   to   0.05948s   step (s):   0.01888s   temp: 1060.0C
Mechanics:   0.05948s   to   0.07751s   step    :   0.01803s   temp: 1060.0C
Diffusion:   0.05948s   to   0.07751s   step (s):   0.01803s   temp: 1060.0C
Mechanics:   0.07751s   to   0.09662s   step    :   0.01911s   temp: 1060.0C
Diffusion:   0.07751s   to   0.09662s   step (s):   0.01911s   temp: 1060.0C
Mechanics:   0.09662s   to     0.116s   step    :    0.0194s   temp: 1060.0C
Diffusion:   0.09662s   to     0.116s   step (s):    0.0194s   temp: 1060.0C
Mechanics:     0.116s   to    0.1379s   step    :   0.02186s   temp: 1060.0C
Diffusion:     0.116s   to    0.1379s   step (s):   0.02186s   temp: 1060.0C
Mechanics:    0.1379s   to    0.1682s   step    :   0.03035s   temp: 1060.0C
Diffusion:    0.1379s   to    0.1682s   step (s):   0.03035s   temp: 1060.0C
Mechanics:    0.1682s   to    0.2289s   step    :   0.06071s   temp: 1060.0C
Diffusion:    0.1682s   to    0.2289s   step (s):   0.06071s   temp: 1060.0C
Mechanics:    0.2289s   to    0.3504s   step    :    0.1214s   temp: 1060.0C
Diffusion:    0.2289s   to    0.3504s   step (s):    0.1214s   temp: 1060.0C
Mechanics:    0.3504s   to    0.5932s   step    :    0.2428s   temp: 1060.0C
Diffusion:    0.3504s   to    0.5932s   step (s):    0.2428s   temp: 1060.0C
Mechanics:    0.5932s   to     1.079s   step    :    0.4857s   temp: 1060.0C
Diffusion:    0.5932s   to     1.079s   step (s):    0.4857s   temp: 1060.0C
Mechanics:     1.079s   to      2.05s   step    :    0.9713s   temp: 1060.0C
Diffusion:     1.079s   to      2.05s   step (s):    0.9713s   temp: 1060.0C
Mechanics:      2.05s   to     3.993s   step    :     1.943s   temp: 1060.0C
Diffusion:      2.05s   to     3.993s   step (s):     1.943s   temp: 1060.0C
Mechanics:     3.993s   to     6.496s   step    :     2.504s   temp: 1060.0C
Diffusion:     3.993s   to     6.496s   step (s):     2.504s   temp: 1060.0C
Mechanics:     6.496s   to         9s   step    :     2.504s   temp: 1060.0C
Diffusion:     6.496s   to         9s   step (s):     2.504s   temp: 1060.0C

Elapsed time for diffuse 50.61s
----------------------------------------------------------------- struct -----
struct tdr= "2_pn_after_implant_diffusion"
------------------------------------------------------------------------------
Points: 3885
Nodes: 4157
Edges: 11725
Faces: 7577
Volumes: 0

Writing file 2_pn_after_implant_diffusion_fps.tdr...done.

------------------------------------------------------------------- etch -----
etch time= 1.00<min> rate= {0.170<um/min>} type= "isotropic" material= {Oxide}
------------------------------------------------------------------------------
MGoals time: 0.595909

Updating sprocess mesh before Etch/Depo relax.
Generating SnMesh mesh... 
SnMesh time: 0.494924

========================  tri-grid quality (Gas exluded)  ========================
    0  10  20  30  40  50  60  70  80  90 100 110 120 130 140 150 160 170 180
 %    1   3   2   3  17  17   3   2   3  27                                
---------------------------------------------------------------------------------
minAngle: 1.1775  maxAngle: 90
nVerts = 2835  nTris = 5520  nMats = 2
max connectivity (tris per node): 7
bmin: 1.2 0
bmax: -0.250015 1
min edgeLength: 0.00102771  [near (0.000513853 0.95)]
min volume: 3.21158e-06  max volume: 0.00241535  Total volume: 1.2
bbox  volume: 1.45002
Are all boundaries on bbox? true
=================================================================================
Initializing sprocess...time: 0.102984
Interpolating...elapsed time: 0.11
Mechanics:         0s   to         1s   step    :         1s   temp: 26.9C->26.9C

------------------------------------------------------------------- grid -----
grid remesh
------------------------------------------------------------------------------
Generating SnMesh mesh... 
SnMesh time: 0.496925

========================  tri-grid quality (Gas exluded)  ========================
    0  10  20  30  40  50  60  70  80  90 100 110 120 130 140 150 160 170 180
 %    1   3   2   3  17  17   3   2   3  27                                
---------------------------------------------------------------------------------
minAngle: 1.1775  maxAngle: 90
nVerts = 2835  nTris = 5520  nMats = 2
max connectivity (tris per node): 7
bmin: 1.2 0
bmax: -0.250015 1
min edgeLength: 0.00102771  [near (0.000513853 0.95)]
min volume: 3.21158e-06  max volume: 0.00241535  Total volume: 1.2
bbox  volume: 1.45002
Are all boundaries on bbox? true
=================================================================================
Initializing sprocess...time: 0.098985
Interpolating...elapsed time: 0.07
----------------------------------------------------------------- struct -----
struct tdr= "3_pn_after_imp_diff_oxide_etch"
------------------------------------------------------------------------------
Points: 2835
Nodes: 2945
Edges: 8462
Faces: 5520
Volumes: 0

Writing file 3_pn_after_imp_diff_oxide_etch_fps.tdr...done.

---------------------------------------------------------------- deposit -----
deposit time= 1.00<min> type= "isotropic" rate= {0.0700<um/min>} material= {Aluminum}
------------------------------------------------------------------------------
MGoals time: 0.39294

Updating sprocess mesh before Etch/Depo relax.
Generating SnMesh mesh... 
SnMesh time: 0.498924

========================  tri-grid quality (Gas exluded)  ========================
    0  10  20  30  40  50  60  70  80  90 100 110 120 130 140 150 160 170 180
 %    2   4   4   5  17  17   5   5   4  34          .                     
---------------------------------------------------------------------------------
minAngle: 1.1775  maxAngle: 115.986
nVerts = 2862  nTris = 5572  nMats = 3
max connectivity (tris per node): 7
bmin: 1.2 0
bmax: -0.250015 1
min edgeLength: 0.00102771  [near (0.000513853 0.95)]
min volume: 3.21158e-06  max volume: 0.00241535  Total volume: 1.27
bbox  volume: 1.45002
Are all boundaries on bbox? true
=================================================================================
Initializing sprocess...time: 0.13398
Interpolating...elapsed time: 0.1
Mechanics:         0s   to         1s   step    :         1s   temp: 26.9C->26.9C
------------------------------------------------------------------- grid -----
grid remesh
------------------------------------------------------------------------------
Generating SnMesh mesh... 
SnMesh time: 0.501923

========================  tri-grid quality (Gas exluded)  ========================
    0  10  20  30  40  50  60  70  80  90 100 110 120 130 140 150 160 170 180
 %    2   4   4   5  17  17   5   5   4  34          .                     
---------------------------------------------------------------------------------
minAngle: 1.1775  maxAngle: 115.986
nVerts = 2862  nTris = 5572  nMats = 3
max connectivity (tris per node): 7
bmin: 1.2 0
bmax: -0.250015 1
min edgeLength: 0.00102771  [near (0.000513853 0.95)]
min volume: 3.21158e-06  max volume: 0.00241535  Total volume: 1.27
bbox  volume: 1.45002
Are all boundaries on bbox? true
=================================================================================
Initializing sprocess...time: 0.13298
Interpolating...elapsed time: 0.1
----------------------------------------------------------------- struct -----
struct tdr= "4_pn_after_metal_depos"
------------------------------------------------------------------------------
Points: 2862
Nodes: 3026
Edges: 8593
Faces: 5572
Volumes: 0

Writing file 4_pn_after_metal_depos_fps.tdr...done.

------------------------------------------------------------------- mask -----
mask name= "contacts_mask1" left= 0.450<um> right= 0.550<um>
------------------------------------------------------------------------------
------------------------------------------------------------------- etch -----
etch time= 1.00<min> mask= "contacts_mask1" rate= {0.0800<um/min>} type= "anisotropic" material= {Aluminum}
------------------------------------------------------------------------------
MGoals time: 0.455931

Updating sprocess mesh before Etch/Depo relax.
Generating SnMesh mesh... 
SnMesh time: 0.503924

========================  tri-grid quality (Gas exluded)  ========================
    0  10  20  30  40  50  60  70  80  90 100 110 120 130 140 150 160 170 180
 %    1   3   3   4  17  17   4   3   3  28          .                     
---------------------------------------------------------------------------------
minAngle: 1.1775  maxAngle: 115.986
nVerts = 2840  nTris = 5530  nMats = 3
max connectivity (tris per node): 7
bmin: 1.2 0
bmax: -0.250015 1
min edgeLength: 0.00102771  [near (0.000513853 0.95)]
min volume: 3.21158e-06  max volume: 0.00241535  Total volume: 1.207
bbox  volume: 1.45002
Are all boundaries on bbox? true
=================================================================================
Initializing sprocess...time: 0.137979
Interpolating...elapsed time: 0.11
Mechanics:         0s   to         1s   step    :         1s   temp: 26.9C->26.9C

------------------------------------------------------------------- grid -----
grid remesh
------------------------------------------------------------------------------
Generating SnMesh mesh... 
SnMesh time: 0.502924

========================  tri-grid quality (Gas exluded)  ========================
    0  10  20  30  40  50  60  70  80  90 100 110 120 130 140 150 160 170 180
 %    1   3   3   4  17  17   4   3   3  28          .                     
---------------------------------------------------------------------------------
minAngle: 1.1775  maxAngle: 115.986
nVerts = 2840  nTris = 5530  nMats = 3
max connectivity (tris per node): 7
bmin: 1.2 0
bmax: -0.250015 1
min edgeLength: 0.00102771  [near (0.000513853 0.95)]
min volume: 3.21158e-06  max volume: 0.00241535  Total volume: 1.207
bbox  volume: 1.45002
Are all boundaries on bbox? true
=================================================================================
Initializing sprocess...time: 0.137979
Interpolating...elapsed time: 0.11
---------------------------------------------------------------- contact -----
contact Aluminum name= "n" adjacent.material= "Ambient" xlo= -0.0710<um> xhi= -0.0690<um> ylo= 0.425<um> yhi= 0.575<um> box
------------------------------------------------------------------------------
---------------------------------------------------------------- contact -----
contact Silicon name= "p" adjacent.material= "Ambient" xlo= 1.19<um> xhi= 1.21<um> ylo= 0.00e+00<um> yhi= 1.00<um> box
------------------------------------------------------------------------------
----------------------------------------------------------------- struct -----
struct tdr= "5_pn_final_structure"
------------------------------------------------------------------------------
Points: 2840
Nodes: 3010
Edges: 8533
Faces: 5530
Volumes: 0

Interpolating...elapsed time: 0.06
Writing file 5_pn_final_structure_fps.tdr...done.

------------------------------------------------------------------------------
Summary:
Anneal time stepping:
  reaction/mechanics steps=25 minimum=1.0000e+38s maximum=1.0000e+38s
  diffusion steps=25 minimum=7.4800e-05s maximum=2.50357s
Edge/Face swapping:
 calls=4 flips=0
------------------------------------------------------------------------------

Elapsed Time:	00:01:20
User Time:	00:01:18
CPU Time:	00:01:14

Detailed CPU time report:

24.56 sec (33.9%) Solver(PDE). (175 calls).
5.83 sec (8.0%) Store nodal values: Serial. (2493 calls).
5.02 sec (6.9%) Serial mode assembly. (277 calls).
5.02 sec (6.9%) Diffusion step time. (25 calls).
4.53 sec (6.3%) Mechanics step (25 calls).
4.51 sec (6.2%) SnMesh meshing (11 calls).
2.69 sec (3.7%) struct command (5 calls).
2.15 sec (3.0%) implant command (226 calls).
1.96 sec (2.7%) reaction command (42 calls).
1.81 sec (2.5%) mgoals (5 calls).
1.76 sec (2.4%) sel command (1174 calls).
1.29 sec (1.8%) Solver(Mechanics) (30 calls).
1.01 sec (1.4%) solution command (9074 calls).
1.01 sec (1.4%) mater command (5013 calls).
0.93 sec (1.3%) grid command (6 calls).
0.91 sec (1.3%) Mechanics assembly (serial mode) (30 calls).
0.89 sec (1.2%) Total time spent in Symbolic. (2 calls).
0.87 sec (1.2%) term command (989 calls).
0.78 sec (1.1%) etch command (3 calls).
0.76 sec (1.0%) Other Program Parts (1 calls).
0.74 sec (1.0%) Bulk Interpolation (12 calls).
0.67 sec (0.9%) Transfer from mesher 1D/2D (11 calls).
0.61 sec (0.8%) FieldServer copy (12 calls).
0.52 sec (0.7%) MakeInterfaces (25 calls).
0.42 sec (0.6%) deposit command (2 calls).

Detailed elapsed time report:

24.59 sec (33.3%) Solver(PDE). (175 calls).
5.82 sec (7.9%) Store nodal values: Serial. (2493 calls).
5.10 sec (6.9%) Diffusion step time. (25 calls).
5.03 sec (6.8%) Serial mode assembly. (277 calls).
4.54 sec (6.1%) Mechanics step (25 calls).
4.51 sec (6.1%) SnMesh meshing (11 calls).
3.93 sec (5.3%) struct command (5 calls).
2.16 sec (2.9%) implant command (226 calls).
1.96 sec (2.7%) reaction command (42 calls).
1.81 sec (2.5%) mgoals (5 calls).
1.73 sec (2.3%) sel command (1174 calls).
1.30 sec (1.8%) Solver(Mechanics) (30 calls).
1.01 sec (1.4%) mater command (5013 calls).
0.99 sec (1.3%) solution command (9074 calls).
0.93 sec (1.3%) grid command (6 calls).
0.91 sec (1.2%) Mechanics assembly (serial mode) (30 calls).
0.88 sec (1.2%) Total time spent in Symbolic. (2 calls).
0.86 sec (1.2%) term command (989 calls).
0.78 sec (1.1%) etch command (3 calls).
0.76 sec (1.0%) Other Program Parts (1 calls).
0.74 sec (1.0%) Bulk Interpolation (12 calls).
0.67 sec (0.9%) Transfer from mesher 1D/2D (11 calls).
0.61 sec (0.8%) FieldServer copy (12 calls).
0.52 sec (0.7%) MakeInterfaces (25 calls).
0.42 sec (0.6%) deposit command (2 calls).


                          [1mSee ya' later Alagator![0m

